<?xml version="1.0" encoding="UTF-8"?>
<!-- Generated by org.testng.reporters.JUnitReportReporter -->
<testsuite skipped="0" hostname="IE1FLTJCDCK63" name="com.ConnexoAdmin.testcases.CertificateFiltersApplyTest" tests="15" failures="0" timestamp="2022-03-19T23:47:02 IST" time="1175.311" errors="0">
  <testcase name="verifyCreatedCertificateInAliasDropDownList" time="118.103" classname="com.ConnexoAdmin.testcases.CertificateFiltersApplyTest"/>
  <system-out/>
  <testcase name="verifyByClickApplyButton" time="66.912" classname="com.ConnexoAdmin.testcases.CertificateFiltersApplyTest"/>
  <system-out/>
  <testcase name="verifyClearButton" time="59.009" classname="com.ConnexoAdmin.testcases.CertificateFiltersApplyTest"/>
  <system-out/>
  <testcase name="verifyClearButtonEnable" time="63.120" classname="com.ConnexoAdmin.testcases.CertificateFiltersApplyTest"/>
  <system-out/>
  <testcase name="verifyKeyUsageDropDown" time="50.015" classname="com.ConnexoAdmin.testcases.CertificateFiltersApplyTest"/>
  <system-out/>
  <testcase name="verifyByClickCheckboxInKeyUsageDropDown" time="88.939" classname="com.ConnexoAdmin.testcases.CertificateFiltersApplyTest"/>
  <system-out/>
  <testcase name="verifyIssuerDropDown" time="64.897" classname="com.ConnexoAdmin.testcases.CertificateFiltersApplyTest"/>
  <system-out/>
  <testcase name="verifyByClickCheckboxInIssuerDropDown" time="95.482" classname="com.ConnexoAdmin.testcases.CertificateFiltersApplyTest"/>
  <system-out/>
  <testcase name="verifySubjectDropDown" time="61.378" classname="com.ConnexoAdmin.testcases.CertificateFiltersApplyTest"/>
  <system-out/>
  <testcase name="verifyByClickCheckboxInSubjectDropDown" time="82.346" classname="com.ConnexoAdmin.testcases.CertificateFiltersApplyTest"/>
  <system-out/>
  <testcase name="verifyStatusDropDown" time="54.305" classname="com.ConnexoAdmin.testcases.CertificateFiltersApplyTest"/>
  <system-out/>
  <testcase name="verifyByClickAvailableOptionCheckboxInStatusDropDown" time="91.004" classname="com.ConnexoAdmin.testcases.CertificateFiltersApplyTest"/>
  <system-out/>
  <testcase name="verifyByClickObsoleteOptionCheckboxInStatusDropDown" time="112.244" classname="com.ConnexoAdmin.testcases.CertificateFiltersApplyTest"/>
  <system-out/>
  <testcase name="verifyBulkActionButton" time="59.464" classname="com.ConnexoAdmin.testcases.CertificateFiltersApplyTest"/>
  <system-out/>
  <testcase name="verifyByClickOnCreatedCertificateInAliasDropDownList" time="108.093" classname="com.ConnexoAdmin.testcases.CertificateFiltersApplyTest"/>
  <system-out/>
</testsuite> <!-- com.ConnexoAdmin.testcases.CertificateFiltersApplyTest -->
