<?xml version="1.0" encoding="UTF-8"?>
<!-- Generated by org.testng.reporters.JUnitReportReporter -->
<testsuite skipped="0" hostname="IE1FLTJCDCK63" name="com.Workspace.testcases.DataCollectionMyWorkGroupIssuesTest" tests="1" failures="0" timestamp="2022-03-19T23:47:02 IST" time="109.814" errors="0">
  <testcase name="ApplyMyWorkGroupIssue" time="109.814" classname="com.Workspace.testcases.DataCollectionMyWorkGroupIssuesTest"/>
  <system-out>
    <![CDATA[Starting Test case Apply My Workgroup Issues<br/>]]>
  </system-out>
</testsuite> <!-- com.Workspace.testcases.DataCollectionMyWorkGroupIssuesTest -->
