<?xml version="1.0" encoding="UTF-8"?>
<!-- Generated by org.testng.reporters.JUnitReportReporter -->
<testsuite skipped="0" hostname="IE1FLTJCDCK63" name="com.ConnexoAdmin.testcases.RolesTest" tests="5" failures="0" timestamp="2022-03-19T23:47:02 IST" time="146.590" errors="0">
  <testcase name="Roles" time="110.936" classname="com.ConnexoAdmin.testcases.RolesTest"/>
  <system-out>
    <![CDATA[Starting Testcase Roles Test <br/>]]>
  </system-out>
  <testcase name="clickAddRoles" time="1.599" classname="com.ConnexoAdmin.testcases.RolesTest"/>
  <system-out>
    <![CDATA[Starting Testcase Add Roles Test <br/>]]>
  </system-out>
  <testcase name="clickRolename" time="7.796" classname="com.ConnexoAdmin.testcases.RolesTest"/>
  <system-out>
    <![CDATA[Starting Testcase Click Role Name <br/>]]>
  </system-out>
  <testcase name="editRoleName" time="13.737" classname="com.ConnexoAdmin.testcases.RolesTest"/>
  <system-out>
    <![CDATA[Starting Testcase Edit Role Name <br/>]]>
  </system-out>
  <testcase name="removerolename" time="12.522" classname="com.ConnexoAdmin.testcases.RolesTest"/>
  <system-out>
    <![CDATA[Starting Testcase Remove Role Name <br/>]]>
  </system-out>
</testsuite> <!-- com.ConnexoAdmin.testcases.RolesTest -->
