<?xml version="1.0" encoding="UTF-8"?>
<!-- Generated by org.testng.reporters.JUnitReportReporter -->
<testsuite skipped="0" hostname="IE1FLTJCDCK63" name="com.ConnexoAdmin.testcases.CustomAttributesTest" tests="1" failures="0" timestamp="2022-03-19T23:47:02 IST" time="69.657" errors="0">
  <testcase name="customattributes" time="69.657" classname="com.ConnexoAdmin.testcases.CustomAttributesTest"/>
  <system-out>
    <![CDATA[Executing testcase Custom Attribues Test<br/>]]>
  </system-out>
</testsuite> <!-- com.ConnexoAdmin.testcases.CustomAttributesTest -->
