<?xml version="1.0" encoding="UTF-8"?>
<!-- Generated by org.testng.reporters.JUnitReportReporter -->
<testsuite skipped="2" hostname="IE1FLTJCDCK63" name="com.DevicesAndSearch.testcases.DeviceLifeCycleManagementAddDeviceTest" tests="36" failures="0" timestamp="2022-03-19T23:47:02 IST" time="365.098" errors="0">
  <testcase name="ClickonAddDevice" time="80.048" classname="com.DevicesAndSearch.testcases.DeviceLifeCycleManagementAddDeviceTest"/>
  <system-out>
    <![CDATA[Starting Test case AddDevice<br/>]]>
  </system-out>
  <testcase name="EnterDeviceDetails" time="9.366" classname="com.DevicesAndSearch.testcases.DeviceLifeCycleManagementAddDeviceTest"/>
  <system-out>
    <![CDATA[Starting Test case Enter Device Details<br/>]]>
  </system-out>
  <testcase name="verifyOverview" time="19.814" classname="com.DevicesAndSearch.testcases.DeviceLifeCycleManagementAddDeviceTest"/>
  <system-out>
    <![CDATA[Starting testcase Verify Overview Page<br/>]]>
  </system-out>
  <testcase name="verifyDeviceattributes" time="7.887" classname="com.DevicesAndSearch.testcases.DeviceLifeCycleManagementAddDeviceTest"/>
  <system-out>
    <![CDATA[Starting testcase Verify Device attributes Page<br/>]]>
  </system-out>
  <testcase name="DeviceattributesModifyName" time="13.969" classname="com.DevicesAndSearch.testcases.DeviceLifeCycleManagementAddDeviceTest"/>
  <system-out>
    <![CDATA[ Starting testcase Verify Device Attributes Name modification<br/>]]>
  </system-out>
  <testcase name="DeviceattributesModifyEInfo" time="6.607" classname="com.DevicesAndSearch.testcases.DeviceLifeCycleManagementAddDeviceTest"/>
  <system-out>
    <![CDATA[Starting testcase Verify Device Attributes End device E meter info - maxRating<br/>]]>
  </system-out>
  <testcase name="DataSourceLoadService" time="9.567" classname="com.DevicesAndSearch.testcases.DeviceLifeCycleManagementAddDeviceTest"/>
  <system-out>
    <![CDATA[Starting testcase : Verify DataSource LoadService Page<br/>]]>
  </system-out>
  <testcase name="VerifyViewsuspect" time="3.865" classname="com.DevicesAndSearch.testcases.DeviceLifeCycleManagementAddDeviceTest"/>
  <system-out>
    <![CDATA[ Starting testcase Verify ViewSuspect in load Profile Page<br/>]]>
  </system-out>
  <testcase name="VerifyChannels" time="7.797" classname="com.DevicesAndSearch.testcases.DeviceLifeCycleManagementAddDeviceTest"/>
  <system-out>
    <![CDATA[Starting testcase Verifying Channels  Page<br/>]]>
  </system-out>
  <testcase name="VerifyChannelsFractions" time="5.896" classname="com.DevicesAndSearch.testcases.DeviceLifeCycleManagementAddDeviceTest"/>
  <system-out>
    <![CDATA[ Starting testcase Verify Channels Fractions modification and Saving <br/>]]>
  </system-out>
  <testcase name="VerifyLogbook" time="10.692" classname="com.DevicesAndSearch.testcases.DeviceLifeCycleManagementAddDeviceTest"/>
  <system-out>
    <![CDATA[Starting testcase Verify Logbooks  Page<br/>]]>
  </system-out>
  <testcase name="VerifyEvents" time="8.209" classname="com.DevicesAndSearch.testcases.DeviceLifeCycleManagementAddDeviceTest"/>
  <system-out>
    <![CDATA[ Starting testcase Verify Events  Page<br/>]]>
  </system-out>
  <testcase name="VerifyRegister" time="8.820" classname="com.DevicesAndSearch.testcases.DeviceLifeCycleManagementAddDeviceTest"/>
  <system-out>
    <![CDATA[ Starting testcase Verifying  Registers  Page<br/>]]>
  </system-out>
  <testcase name="VerifyGeneralAtrributes" time="4.804" classname="com.DevicesAndSearch.testcases.DeviceLifeCycleManagementAddDeviceTest"/>
  <system-out>
    <![CDATA[Starting testcase Verify General Atrributes in Communication Page<br/>]]>
  </system-out>
  <testcase name="verifyChangeManufacture" time="13.933" classname="com.DevicesAndSearch.testcases.DeviceLifeCycleManagementAddDeviceTest"/>
  <system-out>
    <![CDATA[Starting testcase Verify Change Manufacture actions<br/>]]>
  </system-out>
  <testcase name="VerifyCommunicationPlanning" time="6.749" classname="com.DevicesAndSearch.testcases.DeviceLifeCycleManagementAddDeviceTest"/>
  <system-out>
    <![CDATA[Starting testcase Verify Communication planning in Communication Page<br/>]]>
  </system-out>
  <testcase name="verifyAddscheduleCommunicationPlanning" time="3.917" classname="com.DevicesAndSearch.testcases.DeviceLifeCycleManagementAddDeviceTest"/>
  <system-out>
    <![CDATA[Starting testcase Verify add Scheduled Communication Schedule actions<br/>]]>
  </system-out>
  <testcase name="verifyRemoveScheduleCommunicationPlanning" time="5.434" classname="com.DevicesAndSearch.testcases.DeviceLifeCycleManagementAddDeviceTest"/>
  <system-out>
    <![CDATA[Starting testcase Verify Remove Scheduled Communication Schedule actions<br/>]]>
  </system-out>
  <testcase name="VerifyCommunicationtask" time="6.708" classname="com.DevicesAndSearch.testcases.DeviceLifeCycleManagementAddDeviceTest"/>
  <system-out>
    <![CDATA[Starting testcase Verify Communication task in Communication Page<br/>]]>
  </system-out>
  <testcase name="VerifyCommunicationMethods" time="5.760" classname="com.DevicesAndSearch.testcases.DeviceLifeCycleManagementAddDeviceTest"/>
  <system-out>
    <![CDATA[Starting testcase Verify Communication methods in Communication Page<br/>]]>
  </system-out>
  <testcase name="DeactivateCM" time="3.319" classname="com.DevicesAndSearch.testcases.DeviceLifeCycleManagementAddDeviceTest"/>
  <system-out>
    <![CDATA[Starting testcase Verify Deactivate Connection in Communication methods Page<br/>]]>
  </system-out>
  <testcase name="ActivateCM" time="3.370" classname="com.DevicesAndSearch.testcases.DeviceLifeCycleManagementAddDeviceTest"/>
  <system-out>
    <![CDATA[Starting testcase Verify Activating  Connection in Communication methods Page<br/>]]>
  </system-out>
  <testcase name="VerifyCommunicationMethodsHistory" time="5.082" classname="com.DevicesAndSearch.testcases.DeviceLifeCycleManagementAddDeviceTest"/>
  <system-out>
    <![CDATA[Starting testcase Verify History in Communication methods Page<br/>]]>
  </system-out>
  <testcase name="VerifySecuritysets" time="9.893" classname="com.DevicesAndSearch.testcases.DeviceLifeCycleManagementAddDeviceTest"/>
  <system-out>
    <![CDATA[Starting testcase Verify Security sets Page<br/>]]>
  </system-out>
  <testcase name="VerifySecurityaccessors" time="11.979" classname="com.DevicesAndSearch.testcases.DeviceLifeCycleManagementAddDeviceTest"/>
  <system-out>
    <![CDATA[Starting testcase Verify Security accessors Page<br/>]]>
  </system-out>
  <testcase name="VerifyProtocolDialects" time="10.465" classname="com.DevicesAndSearch.testcases.DeviceLifeCycleManagementAddDeviceTest"/>
  <system-out>
    <![CDATA[Starting testcase Verify Protocol dialects Page<br/>]]>
  </system-out>
  <testcase name="ChangeProtocolDialectsRetries" time="7.290" classname="com.DevicesAndSearch.testcases.DeviceLifeCycleManagementAddDeviceTest"/>
  <system-out>
    <![CDATA[Starting testcase Verify changing retries to 3 in Protocol Dialects Page<br/>]]>
  </system-out>
  <testcase name="VerifyCommands" time="11.213" classname="com.DevicesAndSearch.testcases.DeviceLifeCycleManagementAddDeviceTest"/>
  <system-out>
    <![CDATA[Starting testcase Verify Commands Page<br/>]]>
  </system-out>
  <testcase name="AddCommandsandTrigger" time="19.008" classname="com.DevicesAndSearch.testcases.DeviceLifeCycleManagementAddDeviceTest"/>
  <system-out>
    <![CDATA[Starting testcase Verify Add Commands and Trigger in Commands Page<br/>]]>
  </system-out>
  <testcase name="RevokeCommands" time="3.694" classname="com.DevicesAndSearch.testcases.DeviceLifeCycleManagementAddDeviceTest"/>
  <system-out>
    <![CDATA[Starting testcase Verify Revoke Commands in Commands Page<br/>]]>
  </system-out>
  <testcase name="Verifyfirmware" time="15.280" classname="com.DevicesAndSearch.testcases.DeviceLifeCycleManagementAddDeviceTest"/>
  <system-out>
    <![CDATA[Starting testcase Verify Commands Page<br/>]]>
  </system-out>
  <testcase name="VerifyTimeofUse" time="5.883" classname="com.DevicesAndSearch.testcases.DeviceLifeCycleManagementAddDeviceTest"/>
  <system-out>
    <![CDATA[Starting testcase Verify Time of Use Page<br/>]]>
  </system-out>
  <testcase name="Sendtimeofusecalender" time="15.454" classname="com.DevicesAndSearch.testcases.DeviceLifeCycleManagementAddDeviceTest"/>
  <system-out>
    <![CDATA[Starting testcase Verify Send calender in Time of use Page<br/>]]>
  </system-out>
  <testcase name="ChangeTime" time="3.326" classname="com.DevicesAndSearch.testcases.DeviceLifeCycleManagementAddDeviceTest"/>
  <system-out>
    <![CDATA[Starting testcase Verify Change Time in Time of use Page<br/>]]>
  </system-out>
  <testcase name="VerifyValidationConfiguartion" classname="com.DevicesAndSearch.testcases.DeviceLifeCycleManagementAddDeviceTest">
    <skipped/>
  </testcase> <!-- VerifyValidationConfiguartion -->
  <system-out/>
  <testcase name="verifyValidationConfiguartionDeactivatenactive" classname="com.DevicesAndSearch.testcases.DeviceLifeCycleManagementAddDeviceTest">
    <skipped/>
  </testcase> <!-- verifyValidationConfiguartionDeactivatenactive -->
  <system-out/>
</testsuite> <!-- com.DevicesAndSearch.testcases.DeviceLifeCycleManagementAddDeviceTest -->
