<?xml version="1.0" encoding="UTF-8"?>
<!-- Generated by org.testng.reporters.JUnitReportReporter -->
<testsuite skipped="0" hostname="IE1FLTJCDCK63" name="com.ConnexoAdmin.testcases.WorkGroupsTest" tests="4" failures="0" timestamp="2022-03-19T23:47:02 IST" time="100.412" errors="0">
  <testcase name="clickWorkGroup" time="76.560" classname="com.ConnexoAdmin.testcases.WorkGroupsTest"/>
  <system-out>
    <![CDATA[Starting Testcase Click Workgroup<br/>]]>
  </system-out>
  <testcase name="clickAddWorkGroups" time="1.703" classname="com.ConnexoAdmin.testcases.WorkGroupsTest"/>
  <system-out>
    <![CDATA[Starting Testcase Click Add Workgroup<br/>]]>
  </system-out>
  <testcase name="AddWorkGroups" time="8.226" classname="com.ConnexoAdmin.testcases.WorkGroupsTest"/>
  <system-out>
    <![CDATA[Starting Testcase Add Workgroup<br/>]]>
  </system-out>
  <testcase name="removeWorkGroup" time="13.923" classname="com.ConnexoAdmin.testcases.WorkGroupsTest"/>
  <system-out>
    <![CDATA[Starting Testcase Remove Workgroup<br/>]]>
  </system-out>
</testsuite> <!-- com.ConnexoAdmin.testcases.WorkGroupsTest -->
