<?xml version="1.0" encoding="UTF-8"?>
<!-- Generated by org.testng.reporters.JUnitReportReporter -->
<testsuite skipped="0" hostname="IE1FLTJCDCK63" name="com.Workspace.testcases.WorkspaceService_MyOpenIssuesTest" tests="2" failures="0" timestamp="2022-03-19T23:47:02 IST" time="121.866" errors="0">
  <testcase name="clickWorkspace" time="108.251" classname="com.Workspace.testcases.WorkspaceService_MyOpenIssuesTest"/>
  <system-out>
    <![CDATA[Staring testcase workspace my open Issues<br/>]]>
  </system-out>
  <testcase name="clickdropdownAndEnterValue" time="13.615" classname="com.Workspace.testcases.WorkspaceService_MyOpenIssuesTest"/>
  <system-out/>
</testsuite> <!-- com.Workspace.testcases.WorkspaceService_MyOpenIssuesTest -->
