<?xml version="1.0" encoding="UTF-8"?>
<!-- Generated by org.testng.reporters.JUnitReportReporter -->
<testsuite skipped="0" hostname="IE1FLTJCDCK63" name="com.multisense.testcases.LogbookTypesTest" tests="6" failures="0" timestamp="2022-03-19T23:47:02 IST" time="139.462" errors="0">
  <testcase name="logbooktypes" time="99.371" classname="com.multisense.testcases.LogbookTypesTest"/>
  <system-out>
    <![CDATA[Starting Test case log book types<br/>]]>
  </system-out>
  <testcase name="clickLogbooktypesbutton" time="1.651" classname="com.multisense.testcases.LogbookTypesTest"/>
  <system-out>
    <![CDATA[Starting Test case Click log book types button<br/>]]>
  </system-out>
  <testcase name="addlogbookType" time="1.754" classname="com.multisense.testcases.LogbookTypesTest"/>
  <system-out>
    <![CDATA[Starting Test case Add log book types button<br/>]]>
  </system-out>
  <testcase name="editlogbookType" time="14.186" classname="com.multisense.testcases.LogbookTypesTest"/>
  <system-out>
    <![CDATA[Starting Test case Edit log book types button<br/>]]>
  </system-out>
  <testcase name="verifyLogbookTypeFields" time="9.078" classname="com.multisense.testcases.LogbookTypesTest"/>
  <system-out>
    <![CDATA[Starting Test case Verify Logbook Type Fields<br/>]]>
  </system-out>
  <testcase name="removelogbookType" time="13.422" classname="com.multisense.testcases.LogbookTypesTest"/>
  <system-out>
    <![CDATA[Starting Test case Remove log book types button<br/>]]>
  </system-out>
</testsuite> <!-- com.multisense.testcases.LogbookTypesTest -->
