<?xml version="1.0" encoding="UTF-8"?>
<!-- Generated by org.testng.reporters.JUnitReportReporter -->
<testsuite skipped="0" hostname="IE1FLTJCDCK63" name="com.multisense.testcases.TaskManagmentTest" tests="46" failures="0" timestamp="2022-03-19T23:47:02 IST" time="1201.767" errors="0">
  <testcase name="verifyAndChangeTasksManagement" time="111.785" classname="com.multisense.testcases.TaskManagmentTest"/>
  <system-out>
    <![CDATA[Starting Test case Change Task Management<br/>]]>
  </system-out>
  <testcase name="verifyCreatePartitionQueueValue" time="28.192" classname="com.multisense.testcases.TaskManagmentTest"/>
  <system-out/>
  <testcase name="verifyMultipleQueueValue" time="34.834" classname="com.multisense.testcases.TaskManagmentTest"/>
  <system-out/>
  <testcase name="verifyCreatePartitionQueueTypeValue" time="29.534" classname="com.multisense.testcases.TaskManagmentTest"/>
  <system-out/>
  <testcase name="verifyMultipleQueueTypeValue" time="36.516" classname="com.multisense.testcases.TaskManagmentTest"/>
  <system-out/>
  <testcase name="verifyNextRunSort" time="5.097" classname="com.multisense.testcases.TaskManagmentTest"/>
  <system-out/>
  <testcase name="verifyQueueSort" time="5.084" classname="com.multisense.testcases.TaskManagmentTest"/>
  <system-out/>
  <testcase name="verifyPrioritySort" time="5.063" classname="com.multisense.testcases.TaskManagmentTest"/>
  <system-out/>
  <testcase name="verifyNextRunTableResultsWithSort" time="12.144" classname="com.multisense.testcases.TaskManagmentTest"/>
  <system-out/>
  <testcase name="VerifyNextRunSortCancel" time="6.728" classname="com.multisense.testcases.TaskManagmentTest"/>
  <system-out/>
  <testcase name="verifyQueueSortCancel" time="9.265" classname="com.multisense.testcases.TaskManagmentTest"/>
  <system-out/>
  <testcase name="verifyPrioritySortCancel" time="10.496" classname="com.multisense.testcases.TaskManagmentTest"/>
  <system-out/>
  <testcase name="verifyAddSortDropdownEnable" time="8.458" classname="com.multisense.testcases.TaskManagmentTest"/>
  <system-out/>
  <testcase name="verifyAddSortDropdownNextRunValueDisable" time="24.121" classname="com.multisense.testcases.TaskManagmentTest"/>
  <system-out/>
  <testcase name="verifyAddSortDropdownQueueValueDisable" time="24.879" classname="com.multisense.testcases.TaskManagmentTest"/>
  <system-out/>
  <testcase name="verifyAddSortDropdownProrityValueDisable" time="16.441" classname="com.multisense.testcases.TaskManagmentTest"/>
  <system-out/>
  <testcase name="verifyAddSortDropdownNextRunValue" time="21.621" classname="com.multisense.testcases.TaskManagmentTest"/>
  <system-out/>
  <testcase name="verifyAddSortDropdownQueueValue" time="13.324" classname="com.multisense.testcases.TaskManagmentTest"/>
  <system-out/>
  <testcase name="verifyAddSortDropdownProrityValue" time="13.909" classname="com.multisense.testcases.TaskManagmentTest"/>
  <system-out/>
  <testcase name="verifyClearAllSortButton" time="10.748" classname="com.multisense.testcases.TaskManagmentTest"/>
  <system-out/>
  <testcase name="verifyClickingClearAllSortEnableSortOptionsInAddSortDropdown" time="23.210" classname="com.multisense.testcases.TaskManagmentTest"/>
  <system-out/>
  <testcase name="verifyRefreshButtonForPriorityInputWithoutSave" time="42.368" classname="com.multisense.testcases.TaskManagmentTest"/>
  <system-out/>
  <testcase name="verifySetQueueAndPriorityOption" time="39.966" classname="com.multisense.testcases.TaskManagmentTest"/>
  <system-out/>
  <testcase name="verifyClickingOnSetQueueAndPriorityOption" time="50.580" classname="com.multisense.testcases.TaskManagmentTest"/>
  <system-out/>
  <testcase name="verifyPriorityValueUpdate" time="56.577" classname="com.multisense.testcases.TaskManagmentTest"/>
  <system-out/>
  <testcase name="verifyPriorityValueUpdateWithMaxLength" time="54.684" classname="com.multisense.testcases.TaskManagmentTest"/>
  <system-out/>
  <testcase name="verifyRefreshButtonForPriorityInput" time="51.293" classname="com.multisense.testcases.TaskManagmentTest"/>
  <system-out/>
  <testcase name="verifyRefreshButtonEnable" time="66.508" classname="com.multisense.testcases.TaskManagmentTest"/>
  <system-out/>
  <testcase name="verifyRefreshButtonEnableAfterUpdatePriority" time="51.764" classname="com.multisense.testcases.TaskManagmentTest"/>
  <system-out/>
  <testcase name="verifyPriorityDropdownForFilters" time="14.460" classname="com.multisense.testcases.TaskManagmentTest"/>
  <system-out/>
  <testcase name="verifyOperatorDropdownInPriorityDropdown" time="13.917" classname="com.multisense.testcases.TaskManagmentTest"/>
  <system-out/>
  <testcase name="verifyOperatorListInPriorityDropdown" time="19.218" classname="com.multisense.testcases.TaskManagmentTest"/>
  <system-out/>
  <testcase name="verifyClearAllButtonSelectedInPriorityDropdown" time="25.034" classname="com.multisense.testcases.TaskManagmentTest"/>
  <system-out/>
  <testcase name="verifyApplyButtonInPriorityDropdownForFilters" time="8.678" classname="com.multisense.testcases.TaskManagmentTest"/>
  <system-out/>
  <testcase name="verifyApplyButtonForFilter" time="22.289" classname="com.multisense.testcases.TaskManagmentTest"/>
  <system-out/>
  <testcase name="verifyClearAllButtonForFilter" time="25.187" classname="com.multisense.testcases.TaskManagmentTest"/>
  <system-out/>
  <testcase name="CreatedTaskManagement" time="23.515" classname="com.multisense.testcases.TaskManagmentTest"/>
  <system-out>
    <![CDATA[Starting Test case Create Task Management<br/>]]>
  </system-out>
  <testcase name="RunTaskManagement" time="16.307" classname="com.multisense.testcases.TaskManagmentTest"/>
  <system-out>
    <![CDATA[Starting Test case Run Task Management<br/>]]>
  </system-out>
  <testcase name="ChangingDropDownperpage" time="3.812" classname="com.multisense.testcases.TaskManagmentTest"/>
  <system-out>
    <![CDATA[Starting Test case Change Drop Down Page of Task Management<br/>]]>
  </system-out>
  <testcase name="EditTaskManagement" time="29.913" classname="com.multisense.testcases.TaskManagmentTest"/>
  <system-out>
    <![CDATA[Starting Test case Edit Task Management<br/>]]>
  </system-out>
  <testcase name="SuspendTaskManagement" time="25.002" classname="com.multisense.testcases.TaskManagmentTest"/>
  <system-out>
    <![CDATA[Starting Test case Suspend Task Management<br/>]]>
  </system-out>
  <testcase name="RemoveTaskManagement" time="18.683" classname="com.multisense.testcases.TaskManagmentTest"/>
  <system-out>
    <![CDATA[Starting Test case Remove Task Management<br/>]]>
  </system-out>
  <testcase name="AddRegisteredDevicesKPITask" time="23.312" classname="com.multisense.testcases.TaskManagmentTest"/>
  <system-out>
    <![CDATA[Starting Test case Add Registered Devices KPI Task<br/>]]>
  </system-out>
  <testcase name="AddEstimationTaskManagement" time="22.627" classname="com.multisense.testcases.TaskManagmentTest"/>
  <system-out>
    <![CDATA[Starting Test case Add Estimation Task Management<br/>]]>
  </system-out>
  <testcase name="AddDataCollectionKPITask" time="32.237" classname="com.multisense.testcases.TaskManagmentTest"/>
  <system-out>
    <![CDATA[Starting Test case Add Data Collection KPI Task<br/>]]>
  </system-out>
  <testcase name="AddCRLRequestTask" time="12.387" classname="com.multisense.testcases.TaskManagmentTest"/>
  <system-out>
    <![CDATA[Starting Test case Add CRL Request Task<br/>]]>
  </system-out>
</testsuite> <!-- com.multisense.testcases.TaskManagmentTest -->
