<?xml version="1.0" encoding="UTF-8"?>
<!-- Generated by org.testng.reporters.JUnitReportReporter -->
<testsuite skipped="0" hostname="IE1FLTJCDCK63" name="com.Workspace.testcases.DataQualityTest" tests="1" failures="0" timestamp="2022-03-19T23:47:02 IST" time="109.306" errors="0">
  <testcase name="ApplyDataQuality" time="109.306" classname="com.Workspace.testcases.DataQualityTest"/>
  <system-out>
    <![CDATA[Starting Test case Apply Data quality<br/>]]>
  </system-out>
</testsuite> <!-- com.Workspace.testcases.DataQualityTest -->
