<?xml version="1.0" encoding="UTF-8"?>
<!-- Generated by org.testng.reporters.JUnitReportReporter -->
<testsuite skipped="0" hostname="IE1FLTJCDCK63" name="com.multisense.testcases.DeviceLifeCycleTest" tests="14" failures="0" timestamp="2022-03-19T23:47:02 IST" time="221.503" errors="0">
  <testcase name="clickDeviceLifecycle" time="106.471" classname="com.multisense.testcases.DeviceLifeCycleTest"/>
  <system-out>
    <![CDATA[Starting Testcase Click Device Life Cycle<br/>
DeviceLifecycle<br/>]]>
  </system-out>
  <testcase name="clickaddDeviceLifecycle" time="1.679" classname="com.multisense.testcases.DeviceLifeCycleTest"/>
  <system-out>
    <![CDATA[Starting Testcase Click Add Device Life Cycle<br/>]]>
  </system-out>
  <testcase name="createDeviceLifecycle" time="6.759" classname="com.multisense.testcases.DeviceLifeCycleTest"/>
  <system-out>
    <![CDATA[Starting Testcase Create Device Life Cycle<br/>]]>
  </system-out>
  <testcase name="clickOnAddTransitions" time="33.824" classname="com.multisense.testcases.DeviceLifeCycleTest"/>
  <system-out>
    <![CDATA[Starting Testcase Click on Add Transitions<br/>]]>
  </system-out>
  <testcase name="VerifyAddTransitionFields" time="5.250" classname="com.multisense.testcases.DeviceLifeCycleTest"/>
  <system-out>
    <![CDATA[Starting Testcase to verify Add Transition fields <br/>]]>
  </system-out>
  <testcase name="AddStatePreOperational" time="10.327" classname="com.multisense.testcases.DeviceLifeCycleTest"/>
  <system-out>
    <![CDATA[Starting Testcase to Add Pre Operational State<br/>]]>
  </system-out>
  <testcase name="AddStateOperational" time="8.603" classname="com.multisense.testcases.DeviceLifeCycleTest"/>
  <system-out>
    <![CDATA[Starting Testcase to Add Operational State<br/>]]>
  </system-out>
  <testcase name="AddStatePostOperational" time="9.613" classname="com.multisense.testcases.DeviceLifeCycleTest"/>
  <system-out>
    <![CDATA[Starting Testcase to Add Post Operational State<br/>]]>
  </system-out>
  <testcase name="EditState" time="8.205" classname="com.multisense.testcases.DeviceLifeCycleTest"/>
  <system-out>
    <![CDATA[Starting Testcase to Edit exsisting State<br/>]]>
  </system-out>
  <testcase name="RemoveState" time="4.960" classname="com.multisense.testcases.DeviceLifeCycleTest"/>
  <system-out>
    <![CDATA[Starting Testcase to Set As Initial State<br/>]]>
  </system-out>
  <testcase name="SetAsInitialState" time="9.279" classname="com.multisense.testcases.DeviceLifeCycleTest"/>
  <system-out>
    <![CDATA[Starting Testcase to Set As Initial State<br/>]]>
  </system-out>
  <testcase name="VerifyAddStateFields" time="5.065" classname="com.multisense.testcases.DeviceLifeCycleTest"/>
  <system-out>
    <![CDATA[Starting Testcase to Verify Add State Fields<br/>]]>
  </system-out>
  <testcase name="clickRemoveDeviceLifecycle" time="5.965" classname="com.multisense.testcases.DeviceLifeCycleTest"/>
  <system-out>
    <![CDATA[Starting Testcase Remove Device Life cycle<br/>]]>
  </system-out>
  <testcase name="AddDeviceLifecycleFields" time="5.503" classname="com.multisense.testcases.DeviceLifeCycleTest"/>
  <system-out>
    <![CDATA[Starting Testcase to verify Add Device life cycle fields <br/>]]>
  </system-out>
</testsuite> <!-- com.multisense.testcases.DeviceLifeCycleTest -->
