<?xml version="1.0" encoding="UTF-8"?>
<!-- Generated by org.testng.reporters.JUnitReportReporter -->
<testsuite skipped="0" hostname="IE1FLTJCDCK63" name="com.Workspace.testcases.CommunicationWorkspaceTest" tests="3" failures="0" timestamp="2022-03-19T23:47:02 IST" time="156.014" errors="0">
  <testcase name="clickonCommunications" time="99.138" classname="com.Workspace.testcases.CommunicationWorkspaceTest"/>
  <system-out>
    <![CDATA[Starting testcase Verify navigation to communication workspace<br/>]]>
  </system-out>
  <testcase name="clickonstatusdropdown" time="29.000" classname="com.Workspace.testcases.CommunicationWorkspaceTest"/>
  <system-out>
    <![CDATA[ Starting testcase Verify status dropdown in communication workspace<br/>]]>
  </system-out>
  <testcase name="ClickOnBulkAction" time="27.876" classname="com.Workspace.testcases.CommunicationWorkspaceTest"/>
  <system-out>
    <![CDATA[ Starting testcase  Verify bulk action in communication workspace<br/>]]>
  </system-out>
</testsuite> <!-- com.Workspace.testcases.CommunicationWorkspaceTest -->
