<?xml version="1.0" encoding="UTF-8"?>
<!-- Generated by org.testng.reporters.JUnitReportReporter -->
<testsuite skipped="22" hostname="IE1FLTJCDCK63" name="com.Workspace.testcases.DataCollectionMyOpenIssuesTest" tests="24" failures="0" timestamp="2022-03-19T23:47:02 IST" time="115.476" errors="0">
  <testcase name="ApplyMyopenIssue" time="111.634" classname="com.Workspace.testcases.DataCollectionMyOpenIssuesTest"/>
  <system-out>
    <![CDATA[Starting Test case Apply my open issue<br/>]]>
  </system-out>
  <testcase name="NavigationToDCOpenIssuesPage" time="3.842" classname="com.Workspace.testcases.DataCollectionMyOpenIssuesTest"/>
  <system-out/>
  <testcase name="clickopnissdwnld" classname="com.Workspace.testcases.DataCollectionMyOpenIssuesTest">
    <skipped/>
  </testcase> <!-- clickopnissdwnld -->
  <system-out/>
  <testcase name="clickpnisswrktypedd" classname="com.Workspace.testcases.DataCollectionMyOpenIssuesTest">
    <skipped/>
  </testcase> <!-- clickpnisswrktypedd -->
  <system-out/>
  <testcase name="clickopnissbulkactionsselissactRetrycommtask" classname="com.Workspace.testcases.DataCollectionMyOpenIssuesTest">
    <skipped/>
  </testcase> <!-- clickopnissbulkactionsselissactRetrycommtask -->
  <system-out/>
  <testcase name="clickwrkopnissdevdd" classname="com.Workspace.testcases.DataCollectionMyOpenIssuesTest">
    <skipped/>
  </testcase> <!-- clickwrkopnissdevdd -->
  <system-out/>
  <testcase name="clickopnissbulkactionsselissactRetryconnection" classname="com.Workspace.testcases.DataCollectionMyOpenIssuesTest">
    <skipped/>
  </testcase> <!-- clickopnissbulkactionsselissactRetryconnection -->
  <system-out/>
  <testcase name="clickopnissbulkactionsselone" classname="com.Workspace.testcases.DataCollectionMyOpenIssuesTest">
    <skipped/>
  </testcase> <!-- clickopnissbulkactionsselone -->
  <system-out/>
  <testcase name="clickopnissbulkactionsselissactclsalrm" classname="com.Workspace.testcases.DataCollectionMyOpenIssuesTest">
    <skipped/>
  </testcase> <!-- clickopnissbulkactionsselissactclsalrm -->
  <system-out/>
  <testcase name="clickopnwrkgrdd" classname="com.Workspace.testcases.DataCollectionMyOpenIssuesTest">
    <skipped/>
  </testcase> <!-- clickopnwrkgrdd -->
  <system-out/>
  <testcase name="clickopnissusrdd" classname="com.Workspace.testcases.DataCollectionMyOpenIssuesTest">
    <skipped/>
  </testcase> <!-- clickopnissusrdd -->
  <system-out/>
  <testcase name="clickopnbulkactionsselisperpage" classname="com.Workspace.testcases.DataCollectionMyOpenIssuesTest">
    <skipped/>
  </testcase> <!-- clickopnbulkactionsselisperpage -->
  <system-out/>
  <testcase name="clickopnissbulkactionsselalrmactassign" classname="com.Workspace.testcases.DataCollectionMyOpenIssuesTest">
    <skipped/>
  </testcase> <!-- clickopnissbulkactionsselalrmactassign -->
  <system-out/>
  <testcase name="clickopnissbulkactionsselissactsetprio" classname="com.Workspace.testcases.DataCollectionMyOpenIssuesTest">
    <skipped/>
  </testcase> <!-- clickopnissbulkactionsselissactsetprio -->
  <system-out/>
  <testcase name="clickopnissreasonissdd" classname="com.Workspace.testcases.DataCollectionMyOpenIssuesTest">
    <skipped/>
  </testcase> <!-- clickopnissreasonissdd -->
  <system-out/>
  <testcase name="clickopnissbulkactionssel" classname="com.Workspace.testcases.DataCollectionMyOpenIssuesTest">
    <skipped/>
  </testcase> <!-- clickopnissbulkactionssel -->
  <system-out/>
  <testcase name="scrollopnIssrmpage" classname="com.Workspace.testcases.DataCollectionMyOpenIssuesTest">
    <skipped/>
  </testcase> <!-- scrollopnIssrmpage -->
  <system-out/>
  <testcase name="clickopnisssort" classname="com.Workspace.testcases.DataCollectionMyOpenIssuesTest">
    <skipped/>
  </testcase> <!-- clickopnisssort -->
  <system-out/>
  <testcase name="clickopnissbulkactionsselissactRetrycommtasknow" classname="com.Workspace.testcases.DataCollectionMyOpenIssuesTest">
    <skipped/>
  </testcase> <!-- clickopnissbulkactionsselissactRetrycommtasknow -->
  <system-out/>
  <testcase name="clickopnissstatusbwdd" classname="com.Workspace.testcases.DataCollectionMyOpenIssuesTest">
    <skipped/>
  </testcase> <!-- clickopnissstatusbwdd -->
  <system-out/>
  <testcase name="clickwrkopnissduedtdd" classname="com.Workspace.testcases.DataCollectionMyOpenIssuesTest">
    <skipped/>
  </testcase> <!-- clickwrkopnissduedtdd -->
  <system-out/>
  <testcase name="clickopnissbulkactionsselall" classname="com.Workspace.testcases.DataCollectionMyOpenIssuesTest">
    <skipped/>
  </testcase> <!-- clickopnissbulkactionsselall -->
  <system-out/>
  <testcase name="clickopnsissbulkactionsselissactsnz" classname="com.Workspace.testcases.DataCollectionMyOpenIssuesTest">
    <skipped/>
  </testcase> <!-- clickopnsissbulkactionsselissactsnz -->
  <system-out/>
  <testcase name="clickissbulkactions" classname="com.Workspace.testcases.DataCollectionMyOpenIssuesTest">
    <skipped/>
  </testcase> <!-- clickissbulkactions -->
  <system-out/>
</testsuite> <!-- com.Workspace.testcases.DataCollectionMyOpenIssuesTest -->
