<?xml version="1.0" encoding="UTF-8"?>
<!-- Generated by org.testng.reporters.JUnitReportReporter -->
<testsuite skipped="0" hostname="IE1FLTJCDCK63" name="com.ConnexoAdmin.testcases.RelativePeriodTest" tests="3" failures="0" timestamp="2022-03-19T23:47:02 IST" time="206.642" errors="0">
  <testcase name="verifyRelativePeriodText" time="74.208" classname="com.ConnexoAdmin.testcases.RelativePeriodTest"/>
  <system-out>
    <![CDATA[Starting testcase Verify  Relative Period  text page<br/>]]>
  </system-out>
  <testcase name="AddRelativePeriodData" time="57.021" classname="com.ConnexoAdmin.testcases.RelativePeriodTest"/>
  <system-out>
    <![CDATA[Starting testcase Verify  Add Relative Period Form Fill page<br/>]]>
  </system-out>
  <testcase name="EditRelativePeriodData" time="75.413" classname="com.ConnexoAdmin.testcases.RelativePeriodTest"/>
  <system-out>
    <![CDATA[Starting testcase Verify  Edit Relative Period Form page <br/>]]>
  </system-out>
</testsuite> <!-- com.ConnexoAdmin.testcases.RelativePeriodTest -->
