<?xml version="1.0" encoding="UTF-8"?>
<!-- Generated by org.testng.reporters.JUnitReportReporter -->
<testsuite skipped="0" hostname="IE1FLTJCDCK63" name="com.ConnexoAdmin.testcases.WorkGroupsEditTest" tests="16" failures="0" timestamp="2022-03-19T23:47:02 IST" time="528.174" errors="0">
  <testcase name="VerifyWorkGroupPage" time="65.602" classname="com.ConnexoAdmin.testcases.WorkGroupsEditTest"/>
  <system-out/>
  <testcase name="verifyClickActionIcon" time="23.091" classname="com.ConnexoAdmin.testcases.WorkGroupsEditTest"/>
  <system-out/>
  <testcase name="VerifyClickEditOption" time="43.012" classname="com.ConnexoAdmin.testcases.WorkGroupsEditTest"/>
  <system-out/>
  <testcase name="VerifyClickSaveButton" time="37.754" classname="com.ConnexoAdmin.testcases.WorkGroupsEditTest"/>
  <system-out/>
  <testcase name="VerifyClickCancelButton" time="42.969" classname="com.ConnexoAdmin.testcases.WorkGroupsEditTest"/>
  <system-out/>
  <testcase name="VerifyClickSelectUser" time="19.045" classname="com.ConnexoAdmin.testcases.WorkGroupsEditTest"/>
  <system-out/>
  <testcase name="VerifyClickCancelButtonInSelectUser" time="19.066" classname="com.ConnexoAdmin.testcases.WorkGroupsEditTest"/>
  <system-out/>
  <testcase name="VerifyClickUncheckAllButtonInSelectUser" time="24.828" classname="com.ConnexoAdmin.testcases.WorkGroupsEditTest"/>
  <system-out/>
  <testcase name="VerifyAddButtonInSelectUser" time="19.004" classname="com.ConnexoAdmin.testcases.WorkGroupsEditTest"/>
  <system-out/>
  <testcase name="VerifyEmptyUserNameErrorMessage" time="19.596" classname="com.ConnexoAdmin.testcases.WorkGroupsEditTest"/>
  <system-out/>
  <testcase name="VerifySelectedUserDisplayedInSelectUser" time="25.531" classname="com.ConnexoAdmin.testcases.WorkGroupsEditTest"/>
  <system-out/>
  <testcase name="VerifySelectdUserByRefreshWorkGroupPage" time="31.856" classname="com.ConnexoAdmin.testcases.WorkGroupsEditTest"/>
  <system-out/>
  <testcase name="VerifyBySelectUser" time="44.916" classname="com.ConnexoAdmin.testcases.WorkGroupsEditTest"/>
  <system-out/>
  <testcase name="VerifyRemoveOptionForCreatedWorkgroupActionIcon" time="36.229" classname="com.ConnexoAdmin.testcases.WorkGroupsEditTest"/>
  <system-out/>
  <testcase name="VerifyCancelButtonInRemovePopup" time="37.819" classname="com.ConnexoAdmin.testcases.WorkGroupsEditTest"/>
  <system-out/>
  <testcase name="VerifyCrossIconInRemovePopup" time="37.856" classname="com.ConnexoAdmin.testcases.WorkGroupsEditTest"/>
  <system-out/>
</testsuite> <!-- com.ConnexoAdmin.testcases.WorkGroupsEditTest -->
