<?xml version="1.0" encoding="UTF-8"?>
<!-- Generated by org.testng.reporters.JUnitReportReporter -->
<testsuite skipped="0" hostname="IE1FLTJCDCK63" name="com.Workspace.testcases.WorkspaceServiceCallTest" tests="1" failures="0" timestamp="2022-03-19T23:47:02 IST" time="111.675" errors="0">
  <testcase name="clickWorkspace" time="111.675" classname="com.Workspace.testcases.WorkspaceServiceCallTest"/>
  <system-out>
    <![CDATA[Starting testcase Verify Workspace Service call page<br/>]]>
  </system-out>
</testsuite> <!-- com.Workspace.testcases.WorkspaceServiceCallTest -->
