<?xml version="1.0" encoding="UTF-8"?>
<!-- Generated by org.testng.reporters.JUnitReportReporter -->
<testsuite skipped="0" hostname="IE1FLTJCDCK63" name="com.multisense.testcases.SharedCommunicationSchedulesTest" tests="7" failures="0" timestamp="2022-03-19T23:47:02 IST" time="245.292" errors="0">
  <testcase name="verifyAndSelectSharedCommunicationSchedulesPage" time="102.429" classname="com.multisense.testcases.SharedCommunicationSchedulesTest"/>
  <system-out>
    <![CDATA[Starting Test case Select Shared Communication Schedule<br/>]]>
  </system-out>
  <testcase name="CreatedSharedCommunicationSchedulesPage" time="21.957" classname="com.multisense.testcases.SharedCommunicationSchedulesTest"/>
  <system-out>
    <![CDATA[Starting Test case Create Shared Communication Schedule<br/>]]>
  </system-out>
  <testcase name="CheckandCreatedSCSCommunicationTask" time="49.478" classname="com.multisense.testcases.SharedCommunicationSchedulesTest"/>
  <system-out>
    <![CDATA[Starting Test case Verify Shared Communication Schedule<br/>]]>
  </system-out>
  <testcase name="ClonedSharedCommunicationSchedulesPage" time="17.237" classname="com.multisense.testcases.SharedCommunicationSchedulesTest"/>
  <system-out>
    <![CDATA[Starting Test case Clone Shared Communication Schedule<br/>]]>
  </system-out>
  <testcase name="AddClonedSharedCommunicationSchedulesPage" time="22.393" classname="com.multisense.testcases.SharedCommunicationSchedulesTest"/>
  <system-out>
    <![CDATA[Starting Test case Adding Clone Shared Communication Schedule<br/>]]>
  </system-out>
  <testcase name="RemovedClonedSharedCommunicationSchedulesPage" time="15.944" classname="com.multisense.testcases.SharedCommunicationSchedulesTest"/>
  <system-out>
    <![CDATA[Starting Test case Remove Clone Shared Communication Schedule<br/>]]>
  </system-out>
  <testcase name="RemovedSharedCommunicationSchedulesPage" time="15.854" classname="com.multisense.testcases.SharedCommunicationSchedulesTest"/>
  <system-out>
    <![CDATA[Starting Test case Remove Shared Communication Schedule<br/>]]>
  </system-out>
</testsuite> <!-- com.multisense.testcases.SharedCommunicationSchedulesTest -->
