<?xml version="1.0" encoding="UTF-8"?>
<!-- Generated by org.testng.reporters.JUnitReportReporter -->
<testsuite skipped="0" hostname="IE1FLTJCDCK63" name="com.multisense.testcases.RegistereddevicesKPIsTest" tests="5" failures="0" timestamp="2022-03-19T23:47:02 IST" time="145.222" errors="0">
  <testcase name="clickonRegistereddevicesKPIs" time="104.360" classname="com.multisense.testcases.RegistereddevicesKPIsTest"/>
  <system-out>
    <![CDATA[Starting testcase Registered devices KPIs <br/>]]>
  </system-out>
  <testcase name="CreateRegistereddevicesKPIs" time="13.131" classname="com.multisense.testcases.RegistereddevicesKPIsTest"/>
  <system-out>
    <![CDATA[Starting testcase Adding Registered devices KPI<br/>]]>
  </system-out>
  <testcase name="CancelRegistereddevicesKPIs" time="7.728" classname="com.multisense.testcases.RegistereddevicesKPIsTest"/>
  <system-out>
    <![CDATA[Starting testcase Cancel Registered Devices KPIs<br/>]]>
  </system-out>
  <testcase name="removedRegistereddevicesKPI" time="8.105" classname="com.multisense.testcases.RegistereddevicesKPIsTest"/>
  <system-out>
    <![CDATA[Starting testcase Removing Data Quality KPI<br/>]]>
  </system-out>
  <testcase name="verifyAddRegisteredDeviceKPIFields" time="11.898" classname="com.multisense.testcases.RegistereddevicesKPIsTest"/>
  <system-out>
    <![CDATA[Starting testcase Verify Add Registered Device KPI Fields<br/>]]>
  </system-out>
</testsuite> <!-- com.multisense.testcases.RegistereddevicesKPIsTest -->
