<?xml version="1.0" encoding="UTF-8"?>
<!-- Generated by org.testng.reporters.JUnitReportReporter -->
<testsuite skipped="0" hostname="IE1FLTJCDCK63" name="com.ConnexoAdmin.testcases.TaskOverViewTest" tests="2" failures="0" timestamp="2022-03-19T23:47:02 IST" time="96.878" errors="0">
  <testcase name="verifyAndSelectTaskOverView" time="80.542" classname="com.ConnexoAdmin.testcases.TaskOverViewTest"/>
  <system-out>
    <![CDATA[Starting Select Task overview<br/>]]>
  </system-out>
  <testcase name="ApplyTaskOverView" time="16.336" classname="com.ConnexoAdmin.testcases.TaskOverViewTest"/>
  <system-out>
    <![CDATA[Starting Task Overview testcase<br/>]]>
  </system-out>
</testsuite> <!-- com.ConnexoAdmin.testcases.TaskOverViewTest -->
