<?xml version="1.0" encoding="UTF-8"?>
<!-- Generated by org.testng.reporters.JUnitReportReporter -->
<testsuite skipped="0" hostname="IE1FLTJCDCK63" name="com.multisense.testcases.ZoneManagementTest" tests="5" failures="0" timestamp="2022-03-19T23:47:02 IST" time="158.146" errors="0">
  <testcase name="verifyAndCreatingZone" time="108.749" classname="com.multisense.testcases.ZoneManagementTest"/>
  <system-out>
    <![CDATA[Starting Test case zones<br/>]]>
  </system-out>
  <testcase name="edtingZone" time="13.855" classname="com.multisense.testcases.ZoneManagementTest"/>
  <system-out>
    <![CDATA[Starting Test case Edit zones<br/>
Starting Test case Edit zones<br/>]]>
  </system-out>
  <testcase name="verifyAddZoneFields" time="9.149" classname="com.multisense.testcases.ZoneManagementTest"/>
  <system-out>
    <![CDATA[Starting Test case verifying zone fields<br/>]]>
  </system-out>
  <testcase name="verifyZoneTypeList" time="16.302" classname="com.multisense.testcases.ZoneManagementTest"/>
  <system-out>
    <![CDATA[Starting Test case verifying zone type list<br/>]]>
  </system-out>
  <testcase name="removeZone" time="10.091" classname="com.multisense.testcases.ZoneManagementTest"/>
  <system-out>
    <![CDATA[Starting Test case Remove zones<br/>]]>
  </system-out>
</testsuite> <!-- com.multisense.testcases.ZoneManagementTest -->
