<?xml version="1.0" encoding="UTF-8"?>
<!-- Generated by org.testng.reporters.JUnitReportReporter -->
<testsuite skipped="0" hostname="IE1FLTJCDCK63" name="com.multisense.testcases.CommunicationServersTest" tests="6" failures="0" timestamp="2022-03-19T23:47:02 IST" time="155.898" errors="0">
  <testcase name="verifyAndSelectCommunicationServer" time="99.506" classname="com.multisense.testcases.CommunicationServersTest"/>
  <system-out>
    <![CDATA[Starting creation of Communication Servers<br/>]]>
  </system-out>
  <testcase name="CreatedOnlineCommunicationServer" time="7.726" classname="com.multisense.testcases.CommunicationServersTest"/>
  <system-out>
    <![CDATA[Create Online Communication Server<br/>]]>
  </system-out>
  <testcase name="activationOnlineCommunicationServer" time="9.961" classname="com.multisense.testcases.CommunicationServersTest"/>
  <system-out>
    <![CDATA[Activate Online Communication Servers<br/>]]>
  </system-out>
  <testcase name="editionOnlineCommunicationServer" time="14.175" classname="com.multisense.testcases.CommunicationServersTest"/>
  <system-out>
    <![CDATA[Edit Online Communication Servers<br/>]]>
  </system-out>
  <testcase name="deactivedOnlineCommunicationServer" time="10.360" classname="com.multisense.testcases.CommunicationServersTest"/>
  <system-out>
    <![CDATA[Deactivating Online Communication Servers<br/>]]>
  </system-out>
  <testcase name="removedOnlineCommunicationServer" time="14.170" classname="com.multisense.testcases.CommunicationServersTest"/>
  <system-out>
    <![CDATA[Removing Online Communication Servers<br/>]]>
  </system-out>
</testsuite> <!-- com.multisense.testcases.CommunicationServersTest -->
