<?xml version="1.0" encoding="UTF-8"?>
<!-- Generated by org.testng.reporters.JUnitReportReporter -->
<testsuite skipped="1" hostname="IE1FLTJCDCK63" name="com.Workspace.testcases.WorkspaceDataexchangeTest" tests="4" failures="0" timestamp="2022-03-19T23:47:02 IST" time="121.476" errors="0">
  <testcase name="WorkspaceDataExchangeopenExportHistoryLink" time="104.186" classname="com.Workspace.testcases.WorkspaceDataexchangeTest"/>
  <system-out>
    <![CDATA[Staring testcase workspace Data Exchange<br/>]]>
  </system-out>
  <testcase name="WorkspaceDataExchangeopenImportHistoryLink" time="8.479" classname="com.Workspace.testcases.WorkspaceDataexchangeTest"/>
  <system-out>
    <![CDATA[Staring testcase workspace Data Exchange ImportHistoryLink<br/>
Starting testcase Verify Data Exchange Import History  page<br/>]]>
  </system-out>
  <testcase name="WorkspaceDataExchangeClickUploadLink" time="8.811" classname="com.Workspace.testcases.WorkspaceDataexchangeTest"/>
  <system-out/>
  <testcase name="WorkspaceDataExchange" classname="com.Workspace.testcases.WorkspaceDataexchangeTest">
    <skipped/>
  </testcase> <!-- WorkspaceDataExchange -->
  <system-out/>
</testsuite> <!-- com.Workspace.testcases.WorkspaceDataexchangeTest -->
