<?xml version="1.0" encoding="UTF-8"?>
<!-- Generated by org.testng.reporters.JUnitReportReporter -->
<testsuite skipped="0" hostname="IE1FLTJCDCK63" name="com.multisense.testcases.DataCollectionKPIsTest" tests="6" failures="0" timestamp="2022-03-19T23:47:02 IST" time="156.632" errors="0">
  <testcase name="clickonDatacollectionKPIs" time="99.244" classname="com.multisense.testcases.DataCollectionKPIsTest"/>
  <system-out>
    <![CDATA[Starting testcase Data Collection KPI verify And Change Per Page<br/>]]>
  </system-out>
  <testcase name="clickAddDatacollectionKPI" time="0.174" classname="com.multisense.testcases.DataCollectionKPIsTest"/>
  <system-out>
    <![CDATA[Starting testcase Adding Data collection KPI<br/>]]>
  </system-out>
  <testcase name="CreateDatacollectionKPI" time="32.008" classname="com.multisense.testcases.DataCollectionKPIsTest"/>
  <system-out>
    <![CDATA[Starting testcase Adding Data collection KPI<br/>]]>
  </system-out>
  <testcase name="EditDatacollectionKPI" time="10.732" classname="com.multisense.testcases.DataCollectionKPIsTest"/>
  <system-out>
    <![CDATA[Starting testcase Edit Data Collection KPI<br/>]]>
  </system-out>
  <testcase name="RemoveDatacollectionKPI" time="8.497" classname="com.multisense.testcases.DataCollectionKPIsTest"/>
  <system-out>
    <![CDATA[Starting testcase Remove Datacollection KPI<br/>]]>
  </system-out>
  <testcase name="verifyAddDataCollectionKPI" time="5.977" classname="com.multisense.testcases.DataCollectionKPIsTest"/>
  <system-out>
    <![CDATA[Starting testcase Verify Add Data Collection KPI<br/>]]>
  </system-out>
</testsuite> <!-- com.multisense.testcases.DataCollectionKPIsTest -->
