<?xml version="1.0" encoding="UTF-8"?>
<!-- Generated by org.testng.reporters.JUnitReportReporter -->
<testsuite skipped="0" hostname="IE1FLTJCDCK63" name="com.Workspace.testcases.ConnectionWorkspaceTest" tests="3" failures="0" timestamp="2022-03-19T23:47:02 IST" time="166.906" errors="0">
  <testcase name="clickonConnection" time="98.503" classname="com.Workspace.testcases.ConnectionWorkspaceTest"/>
  <system-out>
    <![CDATA[Starting Test case Click on Connection<br/>]]>
  </system-out>
  <testcase name="clickonstatusdropdown" time="29.549" classname="com.Workspace.testcases.ConnectionWorkspaceTest"/>
  <system-out>
    <![CDATA[Starting Test case Click on Status Dropdown<br/>]]>
  </system-out>
  <testcase name="ClickOnBulkAction" time="38.854" classname="com.Workspace.testcases.ConnectionWorkspaceTest"/>
  <system-out>
    <![CDATA[Starting Test case Click on Bulk Button<br/>]]>
  </system-out>
</testsuite> <!-- com.Workspace.testcases.ConnectionWorkspaceTest -->
