<?xml version="1.0" encoding="UTF-8"?>
<!-- Generated by org.testng.reporters.JUnitReportReporter -->
<testsuite skipped="0" hostname="IE1FLTJCDCK63" name="com.Workspace.testcases.DataValidationIssuesTest" tests="71" failures="0" timestamp="2022-03-19T23:47:02 IST" time="1482.993" errors="0">
  <testcase name="verifyNavigationToDVIssuesPage" time="97.235" classname="com.Workspace.testcases.DataValidationIssuesTest"/>
  <system-out>
    <![CDATA[Starting testcase Verify Navigation to Workspace DV Issues page<br/>]]>
  </system-out>
  <testcase name="clickwrkissdevdd" time="10.414" classname="com.Workspace.testcases.DataValidationIssuesTest"/>
  <system-out/>
  <testcase name="clickwrkissduedtdd" time="19.862" classname="com.Workspace.testcases.DataValidationIssuesTest"/>
  <system-out/>
  <testcase name="clickwrktypedd" time="18.735" classname="com.Workspace.testcases.DataValidationIssuesTest"/>
  <system-out/>
  <testcase name="clickwrkgrdd" time="17.093" classname="com.Workspace.testcases.DataValidationIssuesTest"/>
  <system-out/>
  <testcase name="clickusrdd" time="14.689" classname="com.Workspace.testcases.DataValidationIssuesTest"/>
  <system-out/>
  <testcase name="clickstatusbwdd" time="22.103" classname="com.Workspace.testcases.DataValidationIssuesTest"/>
  <system-out/>
  <testcase name="clickreasonissdd" time="18.008" classname="com.Workspace.testcases.DataValidationIssuesTest"/>
  <system-out/>
  <testcase name="clickpriorsort" time="8.894" classname="com.Workspace.testcases.DataValidationIssuesTest"/>
  <system-out/>
  <testcase name="clicksort" time="4.258" classname="com.Workspace.testcases.DataValidationIssuesTest"/>
  <system-out/>
  <testcase name="clickrmsort" time="8.451" classname="com.Workspace.testcases.DataValidationIssuesTest"/>
  <system-out/>
  <testcase name="clickdwnld" time="5.735" classname="com.Workspace.testcases.DataValidationIssuesTest"/>
  <system-out/>
  <testcase name="clickbulkactions" time="8.294" classname="com.Workspace.testcases.DataValidationIssuesTest"/>
  <system-out/>
  <testcase name="clickbulkactionssel" time="7.987" classname="com.Workspace.testcases.DataValidationIssuesTest"/>
  <system-out/>
  <testcase name="clickbulkactionsselone" time="16.679" classname="com.Workspace.testcases.DataValidationIssuesTest"/>
  <system-out/>
  <testcase name="clickbulkactionsselalrmactassign" time="14.098" classname="com.Workspace.testcases.DataValidationIssuesTest"/>
  <system-out/>
  <testcase name="clickbulkactionsselissactclsalrm" time="53.957" classname="com.Workspace.testcases.DataValidationIssuesTest"/>
  <system-out/>
  <testcase name="clickbulkactionsselissactRetrycommtask" time="31.985" classname="com.Workspace.testcases.DataValidationIssuesTest"/>
  <system-out/>
  <testcase name="clickbulkactionsselissactRetrycommtasknow" time="40.538" classname="com.Workspace.testcases.DataValidationIssuesTest"/>
  <system-out/>
  <testcase name="clickbulkactionsselissactRetryconnection" time="39.267" classname="com.Workspace.testcases.DataValidationIssuesTest"/>
  <system-out/>
  <testcase name="clickbulkactionsselissactsetprio" time="41.073" classname="com.Workspace.testcases.DataValidationIssuesTest"/>
  <system-out/>
  <testcase name="clickbulkactionsselissactsnz" time="36.353" classname="com.Workspace.testcases.DataValidationIssuesTest"/>
  <system-out/>
  <testcase name="clickbulkactionsselall" time="26.158" classname="com.Workspace.testcases.DataValidationIssuesTest"/>
  <system-out/>
  <testcase name="scrollIssrmpage" time="8.313" classname="com.Workspace.testcases.DataValidationIssuesTest"/>
  <system-out/>
  <testcase name="clickbulkactionsselisperpage" time="6.739" classname="com.Workspace.testcases.DataValidationIssuesTest"/>
  <system-out/>
  <testcase name="NavigationToDVOpenIssuesPage" time="5.687" classname="com.Workspace.testcases.DataValidationIssuesTest"/>
  <system-out/>
  <testcase name="clickwrkopnissdevdd" time="16.046" classname="com.Workspace.testcases.DataValidationIssuesTest"/>
  <system-out/>
  <testcase name="clickwrkopnissduedtdd" time="17.854" classname="com.Workspace.testcases.DataValidationIssuesTest"/>
  <system-out/>
  <testcase name="clickpnisswrktypedd" time="19.527" classname="com.Workspace.testcases.DataValidationIssuesTest"/>
  <system-out/>
  <testcase name="clickopnwrkgrdd" time="16.190" classname="com.Workspace.testcases.DataValidationIssuesTest"/>
  <system-out/>
  <testcase name="clickopnissusrdd" time="12.892" classname="com.Workspace.testcases.DataValidationIssuesTest"/>
  <system-out/>
  <testcase name="clickopnissstatusbwdd" time="19.467" classname="com.Workspace.testcases.DataValidationIssuesTest"/>
  <system-out/>
  <testcase name="clickopnissreasonissdd" time="11.275" classname="com.Workspace.testcases.DataValidationIssuesTest"/>
  <system-out/>
  <testcase name="clickopnisssort" time="3.850" classname="com.Workspace.testcases.DataValidationIssuesTest"/>
  <system-out/>
  <testcase name="clickopnissdwnld" time="9.291" classname="com.Workspace.testcases.DataValidationIssuesTest"/>
  <system-out/>
  <testcase name="clickissbulkactions" time="3.649" classname="com.Workspace.testcases.DataValidationIssuesTest"/>
  <system-out/>
  <testcase name="clickopnissbulkactionssel" time="3.013" classname="com.Workspace.testcases.DataValidationIssuesTest"/>
  <system-out/>
  <testcase name="clickopnissbulkactionsselone" time="21.442" classname="com.Workspace.testcases.DataValidationIssuesTest"/>
  <system-out/>
  <testcase name="clickopnissbulkactionsselalrmactassign" time="18.863" classname="com.Workspace.testcases.DataValidationIssuesTest"/>
  <system-out/>
  <testcase name="clickopnissbulkactionsselissactclsalrm" time="51.116" classname="com.Workspace.testcases.DataValidationIssuesTest"/>
  <system-out/>
  <testcase name="clickopnissbulkactionsselissactRetrycommtask" time="29.815" classname="com.Workspace.testcases.DataValidationIssuesTest"/>
  <system-out/>
  <testcase name="clickopnissbulkactionsselissactRetrycommtasknow" time="46.040" classname="com.Workspace.testcases.DataValidationIssuesTest"/>
  <system-out/>
  <testcase name="clickopnissbulkactionsselissactRetryconnection" time="38.086" classname="com.Workspace.testcases.DataValidationIssuesTest"/>
  <system-out/>
  <testcase name="clickopnissbulkactionsselissactsetprio" time="38.057" classname="com.Workspace.testcases.DataValidationIssuesTest"/>
  <system-out/>
  <testcase name="clickopnsissbulkactionsselissactsnz" time="34.814" classname="com.Workspace.testcases.DataValidationIssuesTest"/>
  <system-out/>
  <testcase name="clickopnissbulkactionsselall" time="27.923" classname="com.Workspace.testcases.DataValidationIssuesTest"/>
  <system-out/>
  <testcase name="scrollopnIssrmpage" time="8.263" classname="com.Workspace.testcases.DataValidationIssuesTest"/>
  <system-out/>
  <testcase name="clickopnbulkactionsselisperpage" time="8.170" classname="com.Workspace.testcases.DataValidationIssuesTest"/>
  <system-out/>
  <testcase name="NavigationToDVMwrkgrpIssuesPage" time="4.444" classname="com.Workspace.testcases.DataValidationIssuesTest"/>
  <system-out/>
  <testcase name="clickwrkgrpissdevdd" time="16.334" classname="com.Workspace.testcases.DataValidationIssuesTest"/>
  <system-out/>
  <testcase name="clickwrkgrpissduedtdd" time="15.312" classname="com.Workspace.testcases.DataValidationIssuesTest"/>
  <system-out/>
  <testcase name="clickwrkgrpisswrktypedd" time="16.896" classname="com.Workspace.testcases.DataValidationIssuesTest"/>
  <system-out/>
  <testcase name="clickwrkgrpwrkgrdd" time="16.243" classname="com.Workspace.testcases.DataValidationIssuesTest"/>
  <system-out/>
  <testcase name="clickwrkgrpissusrdd" time="12.635" classname="com.Workspace.testcases.DataValidationIssuesTest"/>
  <system-out/>
  <testcase name="clickwrkgrpissstatusbwdd" time="20.043" classname="com.Workspace.testcases.DataValidationIssuesTest"/>
  <system-out/>
  <testcase name="clickwrkgrpissreasonissdd" time="12.815" classname="com.Workspace.testcases.DataValidationIssuesTest"/>
  <system-out/>
  <testcase name="clickwrkgrpisssort" time="3.734" classname="com.Workspace.testcases.DataValidationIssuesTest"/>
  <system-out/>
  <testcase name="clickwrkgrpissdwnld" time="5.534" classname="com.Workspace.testcases.DataValidationIssuesTest"/>
  <system-out/>
  <testcase name="clickwrkissbulkactions" time="3.779" classname="com.Workspace.testcases.DataValidationIssuesTest"/>
  <system-out/>
  <testcase name="clickwrkgrpissbulkactionssel" time="2.799" classname="com.Workspace.testcases.DataValidationIssuesTest"/>
  <system-out/>
  <testcase name="clickwrkgrpissbulkactionsselone" time="17.800" classname="com.Workspace.testcases.DataValidationIssuesTest"/>
  <system-out/>
  <testcase name="clickwrkgrpissbulkactionsselalrmactassign" time="13.749" classname="com.Workspace.testcases.DataValidationIssuesTest"/>
  <system-out/>
  <testcase name="clickwrkgrpissbulkactionsselissactclsalrm" time="50.502" classname="com.Workspace.testcases.DataValidationIssuesTest"/>
  <system-out/>
  <testcase name="clickwrkgrpissbulkactionsselissactRetrycommtask" time="35.532" classname="com.Workspace.testcases.DataValidationIssuesTest"/>
  <system-out/>
  <testcase name="clickwrkgrpissbulkactionsselissactRetrycommtasknow" time="40.756" classname="com.Workspace.testcases.DataValidationIssuesTest"/>
  <system-out/>
  <testcase name="clickwrkgrpissbulkactionsselissactRetryconnection" time="37.385" classname="com.Workspace.testcases.DataValidationIssuesTest"/>
  <system-out/>
  <testcase name="clickwrkgrpissbulkactionsselissactsetprio" time="41.428" classname="com.Workspace.testcases.DataValidationIssuesTest"/>
  <system-out/>
  <testcase name="clickwrkgrpsissbulkactionsselissactsnz" time="36.253" classname="com.Workspace.testcases.DataValidationIssuesTest"/>
  <system-out/>
  <testcase name="clickwrkissbulkactionsselall" time="25.664" classname="com.Workspace.testcases.DataValidationIssuesTest"/>
  <system-out/>
  <testcase name="scrollwrkIssrmpage" time="8.384" classname="com.Workspace.testcases.DataValidationIssuesTest"/>
  <system-out/>
  <testcase name="clickwrkgrpbulkactionsselisperpage" time="6.724" classname="com.Workspace.testcases.DataValidationIssuesTest"/>
  <system-out/>
</testsuite> <!-- com.Workspace.testcases.DataValidationIssuesTest -->
