<?xml version="1.0" encoding="UTF-8"?>
<!-- Generated by org.testng.reporters.JUnitReportReporter -->
<testsuite skipped="0" hostname="IE1FLTJCDCK63" name="com.ConnexoAdmin.testcases.TaskOverViewFiltersTest" tests="40" failures="0" timestamp="2022-03-19T23:47:02 IST" time="967.410" errors="1">
  <testcase name="verifyApplicationFilterWithMultisenseValue" time="93.829" classname="com.ConnexoAdmin.testcases.TaskOverViewFiltersTest"/>
  <system-out/>
  <testcase name="verifyApplicationFilterWithAdminValue" time="27.976" classname="com.ConnexoAdmin.testcases.TaskOverViewFiltersTest"/>
  <system-out/>
  <testcase name="verifyApplicationFilterWithMultiValues" time="31.052" classname="com.ConnexoAdmin.testcases.TaskOverViewFiltersTest"/>
  <system-out/>
  <testcase name="verifyCreatePartitionQueueValue" time="27.583" classname="com.ConnexoAdmin.testcases.TaskOverViewFiltersTest"/>
  <system-out/>
  <testcase name="verifyMultipleQueueValue" time="31.110" classname="com.ConnexoAdmin.testcases.TaskOverViewFiltersTest"/>
  <system-out/>
  <testcase name="verifyCreatePartitionQueueTypeValue" time="28.264" classname="com.ConnexoAdmin.testcases.TaskOverViewFiltersTest"/>
  <system-out/>
  <testcase name="verifyMultipleQueueTypeValue" time="31.096" classname="com.ConnexoAdmin.testcases.TaskOverViewFiltersTest"/>
  <system-out/>
  <testcase name="verifyNextRunSort" time="5.091" classname="com.ConnexoAdmin.testcases.TaskOverViewFiltersTest"/>
  <system-out/>
  <testcase name="verifyQueueSort" time="5.069" classname="com.ConnexoAdmin.testcases.TaskOverViewFiltersTest"/>
  <system-out/>
  <testcase name="verifyPrioritySort" time="5.088" classname="com.ConnexoAdmin.testcases.TaskOverViewFiltersTest"/>
  <system-out/>
  <testcase name="verifyNextRunTableResultsWithSort" time="12.081" classname="com.ConnexoAdmin.testcases.TaskOverViewFiltersTest"/>
  <system-out/>
  <testcase name="verifyNextRunSortCancel" time="6.860" classname="com.ConnexoAdmin.testcases.TaskOverViewFiltersTest"/>
  <system-out/>
  <testcase name="verifyQueueSortCancel" time="7.650" classname="com.ConnexoAdmin.testcases.TaskOverViewFiltersTest"/>
  <system-out/>
  <testcase name="verifyPrioritySortCancel" time="6.695" classname="com.ConnexoAdmin.testcases.TaskOverViewFiltersTest"/>
  <system-out/>
  <testcase name="verifyApplyButtonForFilter" time="27.604" classname="com.ConnexoAdmin.testcases.TaskOverViewFiltersTest"/>
  <system-out/>
  <testcase name="verifyClearAllButtonForFilter" time="33.627" classname="com.ConnexoAdmin.testcases.TaskOverViewFiltersTest"/>
  <system-out/>
  <testcase name="verifyAddSortDropdownEnable" time="6.561" classname="com.ConnexoAdmin.testcases.TaskOverViewFiltersTest"/>
  <system-out/>
  <testcase name="verifyAddSortDropdownNextRunValueDisable" time="12.546" classname="com.ConnexoAdmin.testcases.TaskOverViewFiltersTest"/>
  <system-out/>
  <testcase name="verifyAddSortDropdownQueueValueDisable" time="12.241" classname="com.ConnexoAdmin.testcases.TaskOverViewFiltersTest"/>
  <system-out/>
  <testcase name="verifyAddSortDropdownProrityValueDisable" time="12.964" classname="com.ConnexoAdmin.testcases.TaskOverViewFiltersTest"/>
  <system-out/>
  <testcase name="verifyAddSortDropdownNextRunValue" time="18.540" classname="com.ConnexoAdmin.testcases.TaskOverViewFiltersTest"/>
  <system-out/>
  <testcase name="verifyAddSortDropdownQueueValue" time="9.490" classname="com.ConnexoAdmin.testcases.TaskOverViewFiltersTest"/>
  <system-out/>
  <testcase name="verifyAddSortDropdownProrityValue" time="15.010" classname="com.ConnexoAdmin.testcases.TaskOverViewFiltersTest"/>
  <system-out/>
  <testcase name="verifyClearAllSortButton" time="10.941" classname="com.ConnexoAdmin.testcases.TaskOverViewFiltersTest"/>
  <system-out/>
  <testcase name="verifyClickingClearAllSortEnableSortOptionsInAddSortDropdown" time="15.308" classname="com.ConnexoAdmin.testcases.TaskOverViewFiltersTest"/>
  <system-out/>
  <testcase name="verifyActionIconForInsightApplication" time="24.644" classname="com.ConnexoAdmin.testcases.TaskOverViewFiltersTest"/>
  <system-out/>
  <testcase name="verifySetQueueAndPriorityOption" time="28.750" classname="com.ConnexoAdmin.testcases.TaskOverViewFiltersTest"/>
  <system-out/>
  <testcase name="verifyClickingOnSetQueueAndPriorityOption" time="36.597" classname="com.ConnexoAdmin.testcases.TaskOverViewFiltersTest"/>
  <system-out/>
  <testcase name="verifyPriorityValueUpdate" time="43.470" classname="com.ConnexoAdmin.testcases.TaskOverViewFiltersTest"/>
  <system-out/>
  <testcase name="verifyPriorityValueUpdateWithMaxLength" time="41.231" classname="com.ConnexoAdmin.testcases.TaskOverViewFiltersTest"/>
  <system-out/>
  <testcase name="verifyRefreshButtonForPriorityInput" time="61.795" classname="com.ConnexoAdmin.testcases.TaskOverViewFiltersTest"/>
  <system-out/>
  <testcase name="verifyRefreshButtonEnable" time="36.211" classname="com.ConnexoAdmin.testcases.TaskOverViewFiltersTest"/>
  <system-out/>
  <testcase name="verifyRefreshButtonEnableAfterUpdatePriority" time="38.301" classname="com.ConnexoAdmin.testcases.TaskOverViewFiltersTest"/>
  <system-out/>
  <testcase name="verifyRefreshButtonForPriorityInputWithoutSave" time="51.067" classname="com.ConnexoAdmin.testcases.TaskOverViewFiltersTest"/>
  <system-out/>
  <testcase name="verifyPriorityDropdownForFilters" time="6.030" classname="com.ConnexoAdmin.testcases.TaskOverViewFiltersTest"/>
  <system-out/>
  <testcase name="verifyOperatorDropdownInPriorityDropdown" time="17.464" classname="com.ConnexoAdmin.testcases.TaskOverViewFiltersTest"/>
  <system-out/>
  <testcase name="verifyOperatorListInPriorityDropdown" time="13.447" classname="com.ConnexoAdmin.testcases.TaskOverViewFiltersTest"/>
  <system-out/>
  <testcase name="verifyClearAllButtonSelectedInPriorityDropdown" time="20.137" classname="com.ConnexoAdmin.testcases.TaskOverViewFiltersTest"/>
  <system-out/>
  <testcase name="verifyApplyButtonInPriorityDropdownForFilters" time="12.806" classname="com.ConnexoAdmin.testcases.TaskOverViewFiltersTest"/>
  <system-out/>
  <testcase name="verifyEqualOperatorInPriorityDropdown" time="41.184" classname="com.ConnexoAdmin.testcases.TaskOverViewFiltersTest">
    <error type="org.openqa.selenium.TimeoutException" message="Expected condition failed: waiting for element to be clickable: [[ChromeDriver: chrome on WINDOWS (7d01594e6eda4be74ba2c8c9a62e0aeb)] -&gt; xpath: //input[@role=&#039;spinbutton&#039;]] (tried for 10 second(s) with 500 milliseconds interval)
Build info: version: &#039;4.1.1&#039;, revision: &#039;e8fcc2cecf&#039;
System info: host: &#039;IE1FLTJCDCK63&#039;, ip: &#039;192.168.1.6&#039;, os.name: &#039;Windows 10&#039;, os.arch: &#039;amd64&#039;, os.version: &#039;10.0&#039;, java.version: &#039;1.8.0_321&#039;
Driver info: org.openqa.selenium.chrome.ChromeDriver
Capabilities {acceptInsecureCerts: true, browserName: chrome, browserVersion: 99.0.4844.74, chrome: {chromedriverVersion: 99.0.4844.51 (d537ec02474b5..., userDataDir: C:\Users\h455108\AppData\Lo...}, goog:chromeOptions: {debuggerAddress: localhost:64577}, javascriptEnabled: true, networkConnectionEnabled: false, pageLoadStrategy: normal, platform: WINDOWS, platformName: WINDOWS, proxy: Proxy(), se:cdp: ws://localhost:64577/devtoo..., se:cdpVersion: 99.0.4844.74, setWindowRect: true, strictFileInteractability: false, timeouts: {implicit: 0, pageLoad: 300000, script: 30000}, unhandledPromptBehavior: dismiss and notify, webauthn:extension:credBlob: true, webauthn:extension:largeBlob: true, webauthn:virtualAuthenticators: true}
Session ID: 7d01594e6eda4be74ba2c8c9a62e0aeb">
      <![CDATA[org.openqa.selenium.TimeoutException: Expected condition failed: waiting for element to be clickable: [[ChromeDriver: chrome on WINDOWS (7d01594e6eda4be74ba2c8c9a62e0aeb)] -> xpath: //input[@role='spinbutton']] (tried for 10 second(s) with 500 milliseconds interval)
Build info: version: '4.1.1', revision: 'e8fcc2cecf'
System info: host: 'IE1FLTJCDCK63', ip: '192.168.1.6', os.name: 'Windows 10', os.arch: 'amd64', os.version: '10.0', java.version: '1.8.0_321'
Driver info: org.openqa.selenium.chrome.ChromeDriver
Capabilities {acceptInsecureCerts: true, browserName: chrome, browserVersion: 99.0.4844.74, chrome: {chromedriverVersion: 99.0.4844.51 (d537ec02474b5..., userDataDir: C:\Users\h455108\AppData\Lo...}, goog:chromeOptions: {debuggerAddress: localhost:64577}, javascriptEnabled: true, networkConnectionEnabled: false, pageLoadStrategy: normal, platform: WINDOWS, platformName: WINDOWS, proxy: Proxy(), se:cdp: ws://localhost:64577/devtoo..., se:cdpVersion: 99.0.4844.74, setWindowRect: true, strictFileInteractability: false, timeouts: {implicit: 0, pageLoad: 300000, script: 30000}, unhandledPromptBehavior: dismiss and notify, webauthn:extension:credBlob: true, webauthn:extension:largeBlob: true, webauthn:virtualAuthenticators: true}
Session ID: 7d01594e6eda4be74ba2c8c9a62e0aeb
at org.openqa.selenium.support.ui.WebDriverWait.timeoutException(WebDriverWait.java:138)
at org.openqa.selenium.support.ui.FluentWait.until(FluentWait.java:231)
at com.util.util.TestUtil.waitforElementTobeLocated(TestUtil.java:166)
at com.ConnexoAdmin.pages.ApplicationServers.TaskOverViewPage.priorityInputValue(TaskOverViewPage.java:540)
at com.ConnexoAdmin.testcases.TaskOverViewFiltersTest.verifyEqualOperatorInPriorityDropdown(TaskOverViewFiltersTest.java:630)
at sun.reflect.NativeMethodAccessorImpl.invoke0(Native Method)
at sun.reflect.NativeMethodAccessorImpl.invoke(Unknown Source)
at sun.reflect.DelegatingMethodAccessorImpl.invoke(Unknown Source)
at java.lang.reflect.Method.invoke(Unknown Source)
at org.testng.internal.MethodInvocationHelper.invokeMethod(MethodInvocationHelper.java:133)
at org.testng.internal.TestInvoker.invokeMethod(TestInvoker.java:598)
at org.testng.internal.TestInvoker.invokeTestMethod(TestInvoker.java:173)
at org.testng.internal.MethodRunner.runInSequence(MethodRunner.java:46)
at org.testng.internal.TestInvoker$MethodInvocationAgent.invoke(TestInvoker.java:824)
at org.testng.internal.TestInvoker.invokeTestMethods(TestInvoker.java:146)
at org.testng.internal.TestMethodWorker.invokeTestMethods(TestMethodWorker.java:146)
at org.testng.internal.TestMethodWorker.run(TestMethodWorker.java:128)
at java.util.concurrent.ThreadPoolExecutor.runWorker(Unknown Source)
at java.util.concurrent.ThreadPoolExecutor$Worker.run(Unknown Source)
at java.lang.Thread.run(Unknown Source)
]]>
    </error>
  </testcase> <!-- verifyEqualOperatorInPriorityDropdown -->
  <system-out/>
</testsuite> <!-- com.ConnexoAdmin.testcases.TaskOverViewFiltersTest -->
