<?xml version="1.0" encoding="UTF-8"?>
<!-- Generated by org.testng.reporters.JUnitReportReporter -->
<testsuite skipped="0" hostname="IE1FLTJCDCK63" name="com.DevicesAndSearch.testcases.MultisenseBasicSearchTest" tests="19" failures="0" timestamp="2022-03-19T23:47:02 IST" time="2475.605" errors="0">
  <testcase name="PerformNameSearch" time="107.729" classname="com.DevicesAndSearch.testcases.MultisenseBasicSearchTest"/>
  <system-out>
    <![CDATA[Starting testcase : Performing Search Test on Name Field<br/>]]>
  </system-out>
  <testcase name="PerformNameSearch" time="107.656" classname="com.DevicesAndSearch.testcases.MultisenseBasicSearchTest"/>
  <system-out>
    <![CDATA[Starting testcase : Performing Search Test on Name Field<br/>]]>
  </system-out>
  <testcase name="PerformNameSearch" time="107.593" classname="com.DevicesAndSearch.testcases.MultisenseBasicSearchTest"/>
  <system-out>
    <![CDATA[Starting testcase : Performing Search Test on Name Field<br/>]]>
  </system-out>
  <testcase name="PerformNameSearch" time="107.458" classname="com.DevicesAndSearch.testcases.MultisenseBasicSearchTest"/>
  <system-out>
    <![CDATA[Starting testcase : Performing Search Test on Name Field<br/>]]>
  </system-out>
  <testcase name="PerformSerialNumberSearch" time="109.548" classname="com.DevicesAndSearch.testcases.MultisenseBasicSearchTest"/>
  <system-out>
    <![CDATA[Starting testcase : Performing Search Test on SerialNumber Field<br/>]]>
  </system-out>
  <testcase name="PerformSerialNumberSearch" time="107.704" classname="com.DevicesAndSearch.testcases.MultisenseBasicSearchTest"/>
  <system-out>
    <![CDATA[Starting testcase : Performing Search Test on SerialNumber Field<br/>]]>
  </system-out>
  <testcase name="PerformSerialNumberSearch" time="108.439" classname="com.DevicesAndSearch.testcases.MultisenseBasicSearchTest"/>
  <system-out>
    <![CDATA[Starting testcase : Performing Search Test on SerialNumber Field<br/>]]>
  </system-out>
  <testcase name="PerformDeviceTypeSearch" time="116.211" classname="com.DevicesAndSearch.testcases.MultisenseBasicSearchTest"/>
  <system-out>
    <![CDATA[Starting testcase : Performing Search Test on DeviceType Field<br/>]]>
  </system-out>
  <testcase name="PerformDeviceTypeSearch" time="116.569" classname="com.DevicesAndSearch.testcases.MultisenseBasicSearchTest"/>
  <system-out>
    <![CDATA[Starting testcase : Performing Search Test on DeviceType Field<br/>]]>
  </system-out>
  <testcase name="PerformDevConfigSearch" time="151.467" classname="com.DevicesAndSearch.testcases.MultisenseBasicSearchTest"/>
  <system-out>
    <![CDATA[Starting testcase : Performing Search Test on Location Field<br/>]]>
  </system-out>
  <testcase name="PerformDevConfigSearch" time="151.756" classname="com.DevicesAndSearch.testcases.MultisenseBasicSearchTest"/>
  <system-out>
    <![CDATA[Starting testcase : Performing Search Test on Location Field<br/>]]>
  </system-out>
  <testcase name="PerformDevStateSearch" time="154.811" classname="com.DevicesAndSearch.testcases.MultisenseBasicSearchTest"/>
  <system-out>
    <![CDATA[Starting testcase : Performing Search Test on Device State Field<br/>]]>
  </system-out>
  <testcase name="PerformDevStateSearch" time="155.703" classname="com.DevicesAndSearch.testcases.MultisenseBasicSearchTest"/>
  <system-out>
    <![CDATA[Starting testcase : Performing Search Test on Device State Field<br/>]]>
  </system-out>
  <testcase name="PerformDevStateSearch" time="190.305" classname="com.DevicesAndSearch.testcases.MultisenseBasicSearchTest"/>
  <system-out>
    <![CDATA[Starting testcase : Performing Search Test on Device State Field<br/>]]>
  </system-out>
  <testcase name="PerformDevStateSearch" time="189.575" classname="com.DevicesAndSearch.testcases.MultisenseBasicSearchTest"/>
  <system-out>
    <![CDATA[Starting testcase : Performing Search Test on Device State Field<br/>]]>
  </system-out>
  <testcase name="PerformDevGroupSearch" time="117.325" classname="com.DevicesAndSearch.testcases.MultisenseBasicSearchTest"/>
  <system-out>
    <![CDATA[Starting testcase : Performing Search Test on Device Group Field<br/>]]>
  </system-out>
  <testcase name="PerformDevGroupSearch" time="131.821" classname="com.DevicesAndSearch.testcases.MultisenseBasicSearchTest"/>
  <system-out>
    <![CDATA[Starting testcase : Performing Search Test on Device Group Field<br/>]]>
  </system-out>
  <testcase name="PerformLocationSearch" time="121.797" classname="com.DevicesAndSearch.testcases.MultisenseBasicSearchTest"/>
  <system-out>
    <![CDATA[Starting testcase : Performing Search Test on Location Field<br/>]]>
  </system-out>
  <testcase name="PerformLocationSearch" time="122.138" classname="com.DevicesAndSearch.testcases.MultisenseBasicSearchTest"/>
  <system-out>
    <![CDATA[Starting testcase : Performing Search Test on Location Field<br/>]]>
  </system-out>
</testsuite> <!-- com.DevicesAndSearch.testcases.MultisenseBasicSearchTest -->
