<?xml version="1.0" encoding="UTF-8"?>
<!-- Generated by org.testng.reporters.JUnitReportReporter -->
<testsuite skipped="0" hostname="IE1FLTJCDCK63" name="com.ConnexoAdmin.testcases.RoleAccessTest" tests="15" failures="0" timestamp="2022-03-19T23:47:02 IST" time="668.699" errors="0">
  <testcase name="verifyAddRolePage" time="127.225" classname="com.ConnexoAdmin.testcases.RoleAccessTest"/>
  <system-out/>
  <testcase name="verifyEditRolePage" time="25.402" classname="com.ConnexoAdmin.testcases.RoleAccessTest"/>
  <system-out/>
  <testcase name="verifyByClickActionIcon" time="9.854" classname="com.ConnexoAdmin.testcases.RoleAccessTest"/>
  <system-out/>
  <testcase name="verifyByClickRemoveOption" time="14.289" classname="com.ConnexoAdmin.testcases.RoleAccessTest"/>
  <system-out/>
  <testcase name="verifyByClickRemoveButtonInRemoveWindow" time="51.145" classname="com.ConnexoAdmin.testcases.RoleAccessTest"/>
  <system-out/>
  <testcase name="verifyByClickCancelButtonInRemoveWindow" time="66.730" classname="com.ConnexoAdmin.testcases.RoleAccessTest"/>
  <system-out/>
  <testcase name="verifyByClickCrossIconForRemoveWindow" time="65.466" classname="com.ConnexoAdmin.testcases.RoleAccessTest"/>
  <system-out/>
  <testcase name="verifyEmptyRoleName" time="19.689" classname="com.ConnexoAdmin.testcases.RoleAccessTest"/>
  <system-out/>
  <testcase name="verifyByClickActionIconForAdminApplication" time="23.458" classname="com.ConnexoAdmin.testcases.RoleAccessTest"/>
  <system-out/>
  <testcase name="verifyByClickNoAccessForAdminApplication" time="47.567" classname="com.ConnexoAdmin.testcases.RoleAccessTest"/>
  <system-out/>
  <testcase name="verifyByClickFullControlForAdminApplication" time="53.503" classname="com.ConnexoAdmin.testcases.RoleAccessTest"/>
  <system-out/>
  <testcase name="verifyByClickActionIconForCalenderResources" time="19.173" classname="com.ConnexoAdmin.testcases.RoleAccessTest"/>
  <system-out/>
  <testcase name="verifyByClickNoAccessForCalenderResources" time="48.691" classname="com.ConnexoAdmin.testcases.RoleAccessTest"/>
  <system-out/>
  <testcase name="verifyByClickFullControlForCalenderResources" time="47.135" classname="com.ConnexoAdmin.testcases.RoleAccessTest"/>
  <system-out/>
  <testcase name="verifyByClickAdministrateCheckboxForCalenderResources" time="49.372" classname="com.ConnexoAdmin.testcases.RoleAccessTest"/>
  <system-out/>
</testsuite> <!-- com.ConnexoAdmin.testcases.RoleAccessTest -->
