<?xml version="1.0" encoding="UTF-8"?>
<!-- Generated by org.testng.reporters.JUnitReportReporter -->
<testsuite skipped="0" hostname="IE1FLTJCDCK63" name="com.ConnexoAdmin.testcases.ImportHistoryTest" tests="2" failures="0" timestamp="2022-03-19T23:47:02 IST" time="97.644" errors="0">
  <testcase name="verifyAndSelectImportHistory" time="81.579" classname="com.ConnexoAdmin.testcases.ImportHistoryTest"/>
  <system-out>
    <![CDATA[Starting Instances of Import History<br/>]]>
  </system-out>
  <testcase name="ApplyImportHistory" time="16.065" classname="com.ConnexoAdmin.testcases.ImportHistoryTest"/>
  <system-out>
    <![CDATA[Starting test case Applying Import History<br/>]]>
  </system-out>
</testsuite> <!-- com.ConnexoAdmin.testcases.ImportHistoryTest -->
