<?xml version="1.0" encoding="UTF-8"?>
<!-- Generated by org.testng.reporters.JUnitReportReporter -->
<testsuite skipped="0" hostname="IE1FLTJCDCK63" name="com.multisense.testcases.LoadProfileTypesTest" tests="6" failures="0" timestamp="2022-03-19T23:47:02 IST" time="180.080" errors="0">
  <testcase name="LoadProfileType" time="100.880" classname="com.multisense.testcases.LoadProfileTypesTest"/>
  <system-out>
    <![CDATA[Starting Test case Load profile type<br/>]]>
  </system-out>
  <testcase name="addloadprofileType" time="13.825" classname="com.multisense.testcases.LoadProfileTypesTest"/>
  <system-out>
    <![CDATA[Starting Test case Add Load profile type<br/>]]>
  </system-out>
  <testcase name="editloadprofileType" time="29.478" classname="com.multisense.testcases.LoadProfileTypesTest"/>
  <system-out>
    <![CDATA[Starting Test case Edit Load profile type<br/>]]>
  </system-out>
  <testcase name="removeOnlineLoadProfiletype" time="20.941" classname="com.multisense.testcases.LoadProfileTypesTest"/>
  <system-out>
    <![CDATA[Starting Test case Remove Load profile type<br/>]]>
  </system-out>
  <testcase name="verifyAddLoadProfileTypeFields" time="5.794" classname="com.multisense.testcases.LoadProfileTypesTest"/>
  <system-out>
    <![CDATA[Starting Test case Verify Add Load Profile Type Fields<br/>]]>
  </system-out>
  <testcase name="addAllRegisterTypes" time="9.162" classname="com.multisense.testcases.LoadProfileTypesTest"/>
  <system-out>
    <![CDATA[Starting Test case Add All Register Types<br/>]]>
  </system-out>
</testsuite> <!-- com.multisense.testcases.LoadProfileTypesTest -->
