<?xml version="1.0" encoding="UTF-8"?>
<!-- Generated by org.testng.reporters.JUnitReportReporter -->
<testsuite skipped="0" hostname="IE1FLTJCDCK63" name="com.Workspace.testcases.WorkspaceIssueCreateTest" tests="1" failures="0" timestamp="2022-03-19T23:47:02 IST" time="123.111" errors="0">
  <testcase name="LoadCreateIssueData" time="123.111" classname="com.Workspace.testcases.WorkspaceIssueCreateTest"/>
  <system-out>
    <![CDATA[Starting testcase Load Create Issue data<br/>]]>
  </system-out>
</testsuite> <!-- com.Workspace.testcases.WorkspaceIssueCreateTest -->
