<?xml version="1.0" encoding="UTF-8"?>
<!-- Generated by org.testng.reporters.JUnitReportReporter -->
<testsuite skipped="0" hostname="IE1FLTJCDCK63" name="com.Workspace.testcases.Workspace_IssuesPageIssueSearchTest" tests="1" failures="0" timestamp="2022-03-19T23:47:02 IST" time="125.285" errors="0">
  <testcase name="clickIssues" time="125.285" classname="com.Workspace.testcases.Workspace_IssuesPageIssueSearchTest"/>
  <system-out>
    <![CDATA[Staring testcase workspace Issues Seacrh<br/>]]>
  </system-out>
</testsuite> <!-- com.Workspace.testcases.Workspace_IssuesPageIssueSearchTest -->
