<?xml version="1.0" encoding="UTF-8"?>
<!-- Generated by org.testng.reporters.JUnitReportReporter -->
<testsuite skipped="0" hostname="IE1FLTJCDCK63" name="com.Workspace.testcases.WorkspaceDiviceLifecycleIssueTest" tests="2" failures="0" timestamp="2022-03-19T23:47:02 IST" time="143.207" errors="0">
  <testcase name="WorkspaceLifeCycleIssue" time="119.213" classname="com.Workspace.testcases.WorkspaceDiviceLifecycleIssueTest"/>
  <system-out>
    <![CDATA[Staring testcase workspace Lifecycle Issues<br/>]]>
  </system-out>
  <testcase name="WorkspaceLifeCycleIssueselectType" time="23.994" classname="com.Workspace.testcases.WorkspaceDiviceLifecycleIssueTest"/>
  <system-out/>
</testsuite> <!-- com.Workspace.testcases.WorkspaceDiviceLifecycleIssueTest -->
