<?xml version="1.0" encoding="UTF-8"?>
<!-- Generated by org.testng.reporters.JUnitReportReporter -->
<testsuite hostname="AVDCINDED-7" failures="0" tests="4" name="com.Workspace.testcases.MultiSence_WorkSpace_Alarms_Alarmsoverview" time="47.174" errors="0" timestamp="2022-09-29T09:08:32 IST" skipped="0">
  <testcase classname="com.Workspace.testcases.MultiSence_WorkSpace_Alarms_Alarmsoverview" name="TC001_NavigateToAlarmsPage" time="17.284"/>
  <system-out/>
  <testcase classname="com.Workspace.testcases.MultiSence_WorkSpace_Alarms_Alarmsoverview" name="TC002_ValidateAlarmStatusFilter" time="10.822"/>
  <system-out/>
  <testcase classname="com.Workspace.testcases.MultiSence_WorkSpace_Alarms_Alarmsoverview" name="TC003_ValidateAlarmWorkgroupFilter" time="9.705"/>
  <system-out/>
  <testcase classname="com.Workspace.testcases.MultiSence_WorkSpace_Alarms_Alarmsoverview" name="TC004_ValidateAlarmUserFilter" time="9.363"/>
  <system-out/>
</testsuite> <!-- com.Workspace.testcases.MultiSence_WorkSpace_Alarms_Alarmsoverview -->
