<?xml version="1.0" encoding="UTF-8"?>
<!-- Generated by org.testng.reporters.JUnitReportReporter -->
<testsuite skipped="0" hostname="IE1FLTJCDCK63" name="com.multisense.testcases.IssueCreationTest" tests="8" failures="0" timestamp="2022-03-19T23:47:02 IST" time="230.556" errors="0">
  <testcase name="issuecreation" time="94.835" classname="com.multisense.testcases.IssueCreationTest"/>
  <system-out>
    <![CDATA[Starting Testcase Issue Creation<br/>]]>
  </system-out>
  <testcase name="clickaddissuebutton" time="1.977" classname="com.multisense.testcases.IssueCreationTest"/>
  <system-out>
    <![CDATA[Starting Testcase Add Issue<br/>]]>
  </system-out>
  <testcase name="addCreationrule" time="48.288" classname="com.multisense.testcases.IssueCreationTest"/>
  <system-out>
    <![CDATA[Starting Testcase Add Creation Rule<br/>]]>
  </system-out>
  <testcase name="activateIssueCreation" time="15.829" classname="com.multisense.testcases.IssueCreationTest"/>
  <system-out>
    <![CDATA[Starting Testcase activate issue creation<br/>]]>
  </system-out>
  <testcase name="deactivateIssueCreation" time="16.724" classname="com.multisense.testcases.IssueCreationTest"/>
  <system-out>
    <![CDATA[Starting Testcase deactivate issue creation<br/>]]>
  </system-out>
  <testcase name="editIssueCreation" time="25.096" classname="com.multisense.testcases.IssueCreationTest"/>
  <system-out>
    <![CDATA[Starting Testcase Edit Issue<br/>]]>
  </system-out>
  <testcase name="removeIssueCreation" time="16.699" classname="com.multisense.testcases.IssueCreationTest"/>
  <system-out>
    <![CDATA[Starting Testcase Remove Issue<br/>]]>
  </system-out>
  <testcase name="VerifyAddIssueCreationRuleFields" time="11.108" classname="com.multisense.testcases.IssueCreationTest"/>
  <system-out>
    <![CDATA[Starting Testcase Issue Creation field verification<br/>]]>
  </system-out>
</testsuite> <!-- com.multisense.testcases.IssueCreationTest -->
