<?xml version="1.0" encoding="UTF-8"?>
<!-- Generated by org.testng.reporters.JUnitReportReporter -->
<testsuite skipped="0" hostname="IE1FLTJCDCK63" name="com.ConnexoAdmin.testcases.ServiceCallTypeTest" tests="2" failures="0" timestamp="2022-03-19T23:47:02 IST" time="78.866" errors="0">
  <testcase name="verifyNavigationToServiceCallTypePage" time="70.657" classname="com.ConnexoAdmin.testcases.ServiceCallTypeTest"/>
  <system-out>
    <![CDATA[Starting testcase verify Navigation To ServiceCall Type Page<br/>]]>
  </system-out>
  <testcase name="selectserviceTypecall" time="8.209" classname="com.ConnexoAdmin.testcases.ServiceCallTypeTest"/>
  <system-out>
    <![CDATA[Starting testcase select service Type call<br/>]]>
  </system-out>
</testsuite> <!-- com.ConnexoAdmin.testcases.ServiceCallTypeTest -->
