<?xml version="1.0" encoding="UTF-8"?>
<!-- Generated by org.testng.reporters.JUnitReportReporter -->
<testsuite skipped="0" hostname="IE1FLTJCDCK63" name="com.ConnexoAdmin.testcases.MessageQueuesOverviewTest" tests="13" failures="0" timestamp="2022-03-19T23:47:02 IST" time="243.675" errors="0">
  <testcase name="verifyMessageQueueErrorMessageForNameInput" time="84.407" classname="com.ConnexoAdmin.testcases.MessageQueuesOverviewTest"/>
  <system-out/>
  <testcase name="verifyMessageQueueErrorMessageForMaxLengthNameInputField" time="17.860" classname="com.ConnexoAdmin.testcases.MessageQueuesOverviewTest"/>
  <system-out/>
  <testcase name="verifyMessageQueueErrorMessageWithNumaricCharForNameInputField" time="17.799" classname="com.ConnexoAdmin.testcases.MessageQueuesOverviewTest"/>
  <system-out/>
  <testcase name="verifyMessageQueueErrorMessageForTypeDropdown" time="13.133" classname="com.ConnexoAdmin.testcases.MessageQueuesOverviewTest"/>
  <system-out/>
  <testcase name="verifyCancelButton" time="8.474" classname="com.ConnexoAdmin.testcases.MessageQueuesOverviewTest"/>
  <system-out/>
  <testcase name="verifyAddButton" time="18.889" classname="com.ConnexoAdmin.testcases.MessageQueuesOverviewTest"/>
  <system-out/>
  <testcase name="verifyAddExistingQueue" time="26.371" classname="com.ConnexoAdmin.testcases.MessageQueuesOverviewTest"/>
  <system-out/>
  <testcase name="verifySaveSettingsButtonEabled" time="8.889" classname="com.ConnexoAdmin.testcases.MessageQueuesOverviewTest"/>
  <system-out/>
  <testcase name="verifyUndoButtonEabled" time="8.235" classname="com.ConnexoAdmin.testcases.MessageQueuesOverviewTest"/>
  <system-out/>
  <testcase name="verifyByClickingSaveSettingsButton" time="13.251" classname="com.ConnexoAdmin.testcases.MessageQueuesOverviewTest"/>
  <system-out/>
  <testcase name="verifyByClickingUndoButton" time="11.621" classname="com.ConnexoAdmin.testcases.MessageQueuesOverviewTest"/>
  <system-out/>
  <testcase name="verifyTimeBeforeRetryBySaveChanges" time="7.189" classname="com.ConnexoAdmin.testcases.MessageQueuesOverviewTest"/>
  <system-out/>
  <testcase name="verifyTimeBeforeRetryByUndoChanges" time="7.557" classname="com.ConnexoAdmin.testcases.MessageQueuesOverviewTest"/>
  <system-out/>
</testsuite> <!-- com.ConnexoAdmin.testcases.MessageQueuesOverviewTest -->
