<?xml version="1.0" encoding="UTF-8"?>
<!-- Generated by org.testng.reporters.JUnitReportReporter -->
<testsuite skipped="0" hostname="IE1FLTJCDCK63" name="com.multisense.testcases.MobileCommunicationServerTest" tests="14" failures="0" timestamp="2022-03-19T23:47:02 IST" time="297.452" errors="0">
  <testcase name="verifyAndSelectMobileCommunicationServer" time="102.732" classname="com.multisense.testcases.MobileCommunicationServerTest"/>
  <system-out>
    <![CDATA[Starting testcase select Mobile Communication Servers<br/>]]>
  </system-out>
  <testcase name="CreatedMobileCommunicationServer" time="13.717" classname="com.multisense.testcases.MobileCommunicationServerTest"/>
  <system-out>
    <![CDATA[Starting testcase Create Mobile Communication Servers<br/>]]>
  </system-out>
  <testcase name="activationMobileCommunicationServer" time="11.185" classname="com.multisense.testcases.MobileCommunicationServerTest"/>
  <system-out>
    <![CDATA[Starting testcase Activate Mobile Communication Servers<br/>]]>
  </system-out>
  <testcase name="editionMobileCommunicationServer" time="27.250" classname="com.multisense.testcases.MobileCommunicationServerTest"/>
  <system-out>
    <![CDATA[Starting testcase Edit Mobile Communication Servers<br/>]]>
  </system-out>
  <testcase name="deactivedMobileCommunicationServer" time="10.272" classname="com.multisense.testcases.MobileCommunicationServerTest"/>
  <system-out>
    <![CDATA[Starting testcase Deactivate Mobile Communication Servers<br/>]]>
  </system-out>
  <testcase name="removedMobileCommunicationServer" time="13.311" classname="com.multisense.testcases.MobileCommunicationServerTest"/>
  <system-out>
    <![CDATA[Starting testcase Remove Mobile Communication Servers<br/>]]>
  </system-out>
  <testcase name="verifyMobileCommunicationServerFields" time="10.764" classname="com.multisense.testcases.MobileCommunicationServerTest"/>
  <system-out>
    <![CDATA[Starting testcase verify Add Mobile Communication Servers fields<br/>]]>
  </system-out>
  <testcase name="AddInboundSerialCommunicationPort" time="35.469" classname="com.multisense.testcases.MobileCommunicationServerTest"/>
  <system-out>
    <![CDATA[Starting testcase for adding Serial type communication port<br/>]]>
  </system-out>
  <testcase name="AddInboundServletCommunicationPort" time="11.013" classname="com.multisense.testcases.MobileCommunicationServerTest"/>
  <system-out>
    <![CDATA[Starting testcase for adding Servlet type communication port<br/>]]>
  </system-out>
  <testcase name="AddInboundTCPCommunicationPort" time="10.069" classname="com.multisense.testcases.MobileCommunicationServerTest"/>
  <system-out>
    <![CDATA[Starting testcase for adding TCP type communication port<br/>]]>
  </system-out>
  <testcase name="AddInboundUDPCommunicationPort" time="18.352" classname="com.multisense.testcases.MobileCommunicationServerTest"/>
  <system-out>
    <![CDATA[Starting testcase for adding UDP type communication port<br/>]]>
  </system-out>
  <testcase name="AddOutboundSerialCommunicationPort" time="12.414" classname="com.multisense.testcases.MobileCommunicationServerTest"/>
  <system-out>
    <![CDATA[Starting testcase for adding Serial type communication port<br/>]]>
  </system-out>
  <testcase name="AddOutboundTCPCommunicationPort" time="10.442" classname="com.multisense.testcases.MobileCommunicationServerTest"/>
  <system-out>
    <![CDATA[Starting testcase for adding TCP type communication port<br/>]]>
  </system-out>
  <testcase name="AddOutboundUDPCommunicationPort" time="10.462" classname="com.multisense.testcases.MobileCommunicationServerTest"/>
  <system-out>
    <![CDATA[Starting testcase for adding  type communication port<br/>]]>
  </system-out>
</testsuite> <!-- com.multisense.testcases.MobileCommunicationServerTest -->
