<?xml version="1.0" encoding="UTF-8"?>
<!-- Generated by org.testng.reporters.JUnitReportReporter -->
<testsuite skipped="0" hostname="IE1FLTJCDCK63" name="com.ConnexoAdmin.testcases.UserDirectoriesTest" tests="4" failures="0" timestamp="2022-03-19T23:47:02 IST" time="83.643" errors="0">
  <testcase name="UserDirectories" time="65.826" classname="com.ConnexoAdmin.testcases.UserDirectoriesTest"/>
  <system-out>
    <![CDATA[Starting testcase User Directories<br/>]]>
  </system-out>
  <testcase name="clickAdduserdirectory" time="1.723" classname="com.ConnexoAdmin.testcases.UserDirectoriesTest"/>
  <system-out>
    <![CDATA[Starting testcase Click Add User Directories<br/>]]>
  </system-out>
  <testcase name="Adduserdirectory" time="3.891" classname="com.ConnexoAdmin.testcases.UserDirectoriesTest"/>
  <system-out>
    <![CDATA[Starting testcase Add User Directories<br/>]]>
  </system-out>
  <testcase name="Removeuserdirectory" time="12.203" classname="com.ConnexoAdmin.testcases.UserDirectoriesTest"/>
  <system-out>
    <![CDATA[Starting testcase Add Remove user Directory<br/>]]>
  </system-out>
</testsuite> <!-- com.ConnexoAdmin.testcases.UserDirectoriesTest -->
