<?xml version="1.0" encoding="UTF-8"?>
<!-- Generated by org.testng.reporters.JUnitReportReporter -->
<testsuite skipped="0" hostname="IE1FLTJCDCK63" name="com.ConnexoAdmin.testcases.ReadingTypesTest" tests="2" failures="0" timestamp="2022-03-19T23:47:02 IST" time="98.443" errors="0">
  <testcase name="verifyReadingTypeSets" time="74.094" classname="com.ConnexoAdmin.testcases.ReadingTypesTest"/>
  <system-out>
    <![CDATA[Starting testcase Verify Reading type sets <br/>]]>
  </system-out>
  <testcase name="AddReadingTypeSetInput" time="24.349" classname="com.ConnexoAdmin.testcases.ReadingTypesTest"/>
  <system-out>
    <![CDATA[Starting Testcase Add Reading type set input <br/>]]>
  </system-out>
</testsuite> <!-- com.ConnexoAdmin.testcases.ReadingTypesTest -->
