<?xml version="1.0" encoding="UTF-8"?>
<!-- Generated by org.testng.reporters.JUnitReportReporter -->
<testsuite skipped="0" hostname="IE1FLTJCDCK63" name="com.multisense.testcases.DataQualityKPISTest" tests="4" failures="0" timestamp="2022-03-19T23:47:02 IST" time="126.865" errors="0">
  <testcase name="verifyAndSelectAddDataQualityKPISPage" time="98.460" classname="com.multisense.testcases.DataQualityKPISTest"/>
  <system-out>
    <![CDATA[Starting testcase Data Quality KPISverify And Change Per Page<br/>]]>
  </system-out>
  <testcase name="createDataQualityKPI" time="12.126" classname="com.multisense.testcases.DataQualityKPISTest"/>
  <system-out>
    <![CDATA[Starting testcase Creating Data Quality KPIs<br/>]]>
  </system-out>
  <testcase name="removedDataQualityKPI" time="8.285" classname="com.multisense.testcases.DataQualityKPISTest"/>
  <system-out>
    <![CDATA[Starting testcase Removing Data Quality KPI<br/>]]>
  </system-out>
  <testcase name="verifyAddDataQualityKPIFields" time="7.994" classname="com.multisense.testcases.DataQualityKPISTest"/>
  <system-out>
    <![CDATA[Starting testcase Verify Add Data Quality KPI Fields<br/>]]>
  </system-out>
</testsuite> <!-- com.multisense.testcases.DataQualityKPISTest -->
