<?xml version="1.0" encoding="UTF-8"?>
<!-- Generated by org.testng.reporters.JUnitReportReporter -->
<testsuite skipped="0" hostname="IE1FLTJCDCK63" name="com.multisense.testcases.ValidationTaskTest" tests="7" failures="0" timestamp="2022-03-19T23:47:02 IST" time="199.116" errors="0">
  <testcase name="VerifyandSelectValidationTask" time="104.544" classname="com.multisense.testcases.ValidationTaskTest"/>
  <system-out>
    <![CDATA[Starting Testcase Creation of Validation Tasks<br/>]]>
  </system-out>
  <testcase name="CreateValidationTask" time="3.799" classname="com.multisense.testcases.ValidationTaskTest"/>
  <system-out>
    <![CDATA[Starting Testcase Create Validation Tasks<br/>]]>
  </system-out>
  <testcase name="Addvalidationtask" time="6.774" classname="com.multisense.testcases.ValidationTaskTest"/>
  <system-out>
    <![CDATA[Starting Test case  Add Validation Task<br/>]]>
  </system-out>
  <testcase name="EditValidationTask" time="22.584" classname="com.multisense.testcases.ValidationTaskTest"/>
  <system-out>
    <![CDATA[Starting Testcase Edit Validation Tasks<br/>]]>
  </system-out>
  <testcase name="ViewHistoryValidationtask" time="17.989" classname="com.multisense.testcases.ValidationTaskTest"/>
  <system-out>
    <![CDATA[Starting Testcase View History Validation Tasks<br/>]]>
  </system-out>
  <testcase name="removedvalidationTask" time="25.573" classname="com.multisense.testcases.ValidationTaskTest"/>
  <system-out>
    <![CDATA[Starting Testcase Remove Validation Tasks<br/>]]>
  </system-out>
  <testcase name="verifyAddValidationTaskFields" time="17.853" classname="com.multisense.testcases.ValidationTaskTest"/>
  <system-out>
    <![CDATA[Starting Testcase Verify Add Validation Task Fields<br/>]]>
  </system-out>
</testsuite> <!-- com.multisense.testcases.ValidationTaskTest -->
