<?xml version="1.0" encoding="UTF-8"?>
<!-- Generated by org.testng.reporters.JUnitReportReporter -->
<testsuite skipped="0" hostname="IE1FLTJCDCK63" name="com.multisense.testcases.EstimateRuleSetTest" tests="17" failures="0" timestamp="2022-03-19T23:47:02 IST" time="320.562" errors="0">
  <testcase name="clickAddEstimationRuleSet" time="100.662" classname="com.multisense.testcases.EstimateRuleSetTest"/>
  <system-out>
    <![CDATA[Starting Test case Click Estimation RuleSet Set<br/>]]>
  </system-out>
  <testcase name="createEstimationRuleset" time="15.694" classname="com.multisense.testcases.EstimateRuleSetTest"/>
  <system-out>
    <![CDATA[Starting Test case Create Estimation RuleSet Set<br/>]]>
  </system-out>
  <testcase name="clickOnEditEstimateRuleSet" time="16.841" classname="com.multisense.testcases.EstimateRuleSetTest"/>
  <system-out>
    <![CDATA[Starting Test case Edit Estimation RuleSet Set<br/>]]>
  </system-out>
  <testcase name="EditOrder" time="3.050" classname="com.multisense.testcases.EstimateRuleSetTest"/>
  <system-out>
    <![CDATA[Starting Test case Edit Order<br/>]]>
  </system-out>
  <testcase name="UndoOrder" time="3.111" classname="com.multisense.testcases.EstimateRuleSetTest"/>
  <system-out>
    <![CDATA[Starting Test case Undo Order<br/>]]>
  </system-out>
  <testcase name="SaveOrder" time="4.757" classname="com.multisense.testcases.EstimateRuleSetTest"/>
  <system-out>
    <![CDATA[Starting Test case Save Order<br/>]]>
  </system-out>
  <testcase name="ActivateEstimationRule" time="8.016" classname="com.multisense.testcases.EstimateRuleSetTest"/>
  <system-out>
    <![CDATA[Activate Estimation Rule Set<br/>]]>
  </system-out>
  <testcase name="DectivateEstimationRule" time="5.118" classname="com.multisense.testcases.EstimateRuleSetTest"/>
  <system-out>
    <![CDATA[Deactivate Estimation Rule Set<br/>]]>
  </system-out>
  <testcase name="EditEstimationRule" time="22.996" classname="com.multisense.testcases.EstimateRuleSetTest"/>
  <system-out>
    <![CDATA[Edit Estimation Rule Set<br/>]]>
  </system-out>
  <testcase name="RemoveEstimationRule" time="9.379" classname="com.multisense.testcases.EstimateRuleSetTest"/>
  <system-out>
    <![CDATA[Remove Estimation Rule Set<br/>]]>
  </system-out>
  <testcase name="AddEstimationRuleEqualDistribution" time="24.060" classname="com.multisense.testcases.EstimateRuleSetTest"/>
  <system-out>
    <![CDATA[Add Estimation Rule Equal Distribution<br/>]]>
  </system-out>
  <testcase name="AddEstimationRuleLinearInterpolation" time="21.530" classname="com.multisense.testcases.EstimateRuleSetTest"/>
  <system-out>
    <![CDATA[Add Estimation Rule Linear Interpolation<br/>]]>
  </system-out>
  <testcase name="AddEstimationRuleNearestAverageValue" time="21.371" classname="com.multisense.testcases.EstimateRuleSetTest"/>
  <system-out>
    <![CDATA[Add Estimation Rule Linear Interpolation<br/>]]>
  </system-out>
  <testcase name="AddEstimationRulePowerGapFill" time="21.413" classname="com.multisense.testcases.EstimateRuleSetTest"/>
  <system-out>
    <![CDATA[Add EstimationRule Power Gap Fill<br/>]]>
  </system-out>
  <testcase name="AddEstimationRuleValueFill" time="20.911" classname="com.multisense.testcases.EstimateRuleSetTest"/>
  <system-out>
    <![CDATA[Add Estimation Rule Value Fill<br/>]]>
  </system-out>
  <testcase name="Removeestimationruleset" time="14.293" classname="com.multisense.testcases.EstimateRuleSetTest"/>
  <system-out>
    <![CDATA[Remove Estimation Rule Set<br/>]]>
  </system-out>
  <testcase name="VerifyEstimationRuleSetField" time="7.360" classname="com.multisense.testcases.EstimateRuleSetTest"/>
  <system-out>
    <![CDATA[Verify Estimation Rule Set Field<br/>]]>
  </system-out>
</testsuite> <!-- com.multisense.testcases.EstimateRuleSetTest -->
