<?xml version="1.0" encoding="UTF-8"?>
<!-- Generated by org.testng.reporters.JUnitReportReporter -->
<testsuite skipped="0" hostname="IE1FLTJCDCK63" name="com.ConnexoAdmin.testcases.MessageQueuesTest" tests="5" failures="0" timestamp="2022-03-19T23:47:02 IST" time="102.235" errors="0">
  <testcase name="verifyAndSelectMessageQueues" time="71.012" classname="com.ConnexoAdmin.testcases.MessageQueuesTest"/>
  <system-out>
    <![CDATA[Starting testcase Verify and Select Message queues<br/>]]>
  </system-out>
  <testcase name="CreatedMessageQueues" time="8.526" classname="com.ConnexoAdmin.testcases.MessageQueuesTest"/>
  <system-out>
    <![CDATA[Starting testcase Create Message queues<br/>]]>
  </system-out>
  <testcase name="MonitorMessageQueues" time="4.847" classname="com.ConnexoAdmin.testcases.MessageQueuesTest"/>
  <system-out>
    <![CDATA[Starting testcase Monitor Message queues<br/>]]>
  </system-out>
  <testcase name="ClearErrorMessageQueue" time="6.607" classname="com.ConnexoAdmin.testcases.MessageQueuesTest"/>
  <system-out>
    <![CDATA[Starting testcase Clear ErrorMessage Queue<br/>]]>
  </system-out>
  <testcase name="RemovedMessageQueues" time="11.243" classname="com.ConnexoAdmin.testcases.MessageQueuesTest"/>
  <system-out>
    <![CDATA[Starting testcase Remove Message queues<br/>]]>
  </system-out>
</testsuite> <!-- com.ConnexoAdmin.testcases.MessageQueuesTest -->
