<?xml version="1.0" encoding="UTF-8"?>
<!-- Generated by org.testng.reporters.JUnitReportReporter -->
<testsuite skipped="0" hostname="IE1FLTJCDCK63" name="com.Workspace.testcases.CommandWorkspaceTest" tests="4" failures="0" timestamp="2022-03-19T23:47:02 IST" time="111.244" errors="0">
  <testcase name="clickcommands" time="94.620" classname="com.Workspace.testcases.CommandWorkspaceTest"/>
  <system-out>
    <![CDATA[Starting testcase Verify navigation to command workspace<br/>]]>
  </system-out>
  <testcase name="addcommands" time="2.166" classname="com.Workspace.testcases.CommandWorkspaceTest"/>
  <system-out>
    <![CDATA[ Starting testcase  Verify add commands in command workspace<br/>]]>
  </system-out>
  <testcase name="selectDevicegroup" time="3.383" classname="com.Workspace.testcases.CommandWorkspaceTest"/>
  <system-out>
    <![CDATA[ Starting testcase  Select Device group<br/>]]>
  </system-out>
  <testcase name="selectcommand" time="11.075" classname="com.Workspace.testcases.CommandWorkspaceTest"/>
  <system-out>
    <![CDATA[ Starting testcase to Verify add commands in command workspace<br/>]]>
  </system-out>
</testsuite> <!-- com.Workspace.testcases.CommandWorkspaceTest -->
