<?xml version="1.0" encoding="UTF-8"?>
<!-- Generated by org.testng.reporters.JUnitReportReporter -->
<testsuite skipped="0" hostname="IE1FLTJCDCK63" name="com.multisense.testcases.ValidatioRuleSetTest" tests="18" failures="0" timestamp="2022-03-19T23:47:02 IST" time="323.944" errors="0">
  <testcase name="verifyandSelectValidationRuleSet" time="103.990" classname="com.multisense.testcases.ValidatioRuleSetTest"/>
  <system-out>
    <![CDATA[Starting Test case  Validation rule Set<br/>]]>
  </system-out>
  <testcase name="CreateValidationRuleSet" time="0.604" classname="com.multisense.testcases.ValidatioRuleSetTest"/>
  <system-out>
    <![CDATA[Starting Test case  Create Validation rule Set<br/>]]>
  </system-out>
  <testcase name="addValidationRuleSet" time="6.894" classname="com.multisense.testcases.ValidatioRuleSetTest"/>
  <system-out>
    <![CDATA[Starting Test case  Create Validation rule Set<br/>]]>
  </system-out>
  <testcase name="CreateValidtionruleSetVersion" time="53.074" classname="com.multisense.testcases.ValidatioRuleSetTest"/>
  <system-out>
    <![CDATA[Starting Test case  Create Validation rule Set version<br/>]]>
  </system-out>
  <testcase name="AddCheckingMissingValuesRule" time="19.632" classname="com.multisense.testcases.ValidatioRuleSetTest"/>
  <system-out>
    <![CDATA[Starting Test case Add Checking Missing Values Rule<br/>]]>
  </system-out>
  <testcase name="EditValidationRule" time="3.757" classname="com.multisense.testcases.ValidatioRuleSetTest"/>
  <system-out>
    <![CDATA[Starting Test case Edit Validation Rule<br/>]]>
  </system-out>
  <testcase name="ActivateValidationRule" time="1.845" classname="com.multisense.testcases.ValidatioRuleSetTest"/>
  <system-out>
    <![CDATA[Starting Test case Activate Validation Rule<br/>]]>
  </system-out>
  <testcase name="DeactivateValidationRule" time="2.061" classname="com.multisense.testcases.ValidatioRuleSetTest"/>
  <system-out>
    <![CDATA[Starting Test case Deactivate Validation Rule<br/>]]>
  </system-out>
  <testcase name="RemoveValidationRule" time="2.690" classname="com.multisense.testcases.ValidatioRuleSetTest"/>
  <system-out>
    <![CDATA[Starting Test case Remove Validation Rule<br/>]]>
  </system-out>
  <testcase name="AddConsecutiveZeroValues" time="23.167" classname="com.multisense.testcases.ValidatioRuleSetTest"/>
  <system-out>
    <![CDATA[Starting Test case Add Consecutive Zero Values<br/>]]>
  </system-out>
  <testcase name="AddMeterAdvance" time="21.002" classname="com.multisense.testcases.ValidatioRuleSetTest"/>
  <system-out>
    <![CDATA[Starting Test case Meter advance<br/>]]>
  </system-out>
  <testcase name="AddReadingQualities" time="20.872" classname="com.multisense.testcases.ValidatioRuleSetTest"/>
  <system-out>
    <![CDATA[Starting Test case Reading qualities<br/>]]>
  </system-out>
  <testcase name="AddReadingIncrease" time="17.067" classname="com.multisense.testcases.ValidatioRuleSetTest"/>
  <system-out>
    <![CDATA[Starting Test case Register increase<br/>]]>
  </system-out>
  <testcase name="AddThresholdViolation" time="17.747" classname="com.multisense.testcases.ValidatioRuleSetTest"/>
  <system-out>
    <![CDATA[Starting Test case Threshold violation<br/>]]>
  </system-out>
  <testcase name="editValidationruleSet" time="10.348" classname="com.multisense.testcases.ValidatioRuleSetTest"/>
  <system-out>
    <![CDATA[Starting Test case  Edit Validation rule Set version<br/>]]>
  </system-out>
  <testcase name="createandeditValidationruleSet" time="0.291" classname="com.multisense.testcases.ValidatioRuleSetTest"/>
  <system-out>
    <![CDATA[Starting Test case  Edit Validation rule Set version<br/>]]>
  </system-out>
  <testcase name="savevalidationRuleSet" time="5.950" classname="com.multisense.testcases.ValidatioRuleSetTest"/>
  <system-out>
    <![CDATA[Starting Test case  Save Validation rule Set version<br/>]]>
  </system-out>
  <testcase name="removevalidationRuleset" time="12.953" classname="com.multisense.testcases.ValidatioRuleSetTest"/>
  <system-out>
    <![CDATA[Starting Test case  Remove Validation rule Set version<br/>]]>
  </system-out>
</testsuite> <!-- com.multisense.testcases.ValidatioRuleSetTest -->
