<?xml version="1.0" encoding="UTF-8"?>
<!-- Generated by org.testng.reporters.JUnitReportReporter -->
<testsuite skipped="0" hostname="IE1FLTJCDCK63" name="com.ConnexoAdmin.testcases.CalendarsTest" tests="3" failures="0" timestamp="2022-03-19T23:47:02 IST" time="82.570" errors="0">
  <testcase name="calendar" time="66.494" classname="com.ConnexoAdmin.testcases.CalendarsTest"/>
  <system-out>
    <![CDATA[Executing Calenders testcase<br/>]]>
  </system-out>
  <testcase name="Activatecalendar" time="10.572" classname="com.ConnexoAdmin.testcases.CalendarsTest"/>
  <system-out/>
  <testcase name="Deactivatecalendar" time="5.504" classname="com.ConnexoAdmin.testcases.CalendarsTest"/>
  <system-out/>
</testsuite> <!-- com.ConnexoAdmin.testcases.CalendarsTest -->
