<?xml version="1.0" encoding="UTF-8"?>
<!-- Generated by org.testng.reporters.JUnitReportReporter -->
<testsuite skipped="0" hostname="IE1FLTJCDCK63" name="com.ConnexoAdmin.testcases.WebServiceEndpointsTest" tests="4" failures="0" timestamp="2022-03-19T23:47:02 IST" time="104.502" errors="0">
  <testcase name="verifyAndSelectWebServiceEndpoints" time="64.078" classname="com.ConnexoAdmin.testcases.WebServiceEndpointsTest"/>
  <system-out>
    <![CDATA[Starting execution of Instances of Web service endpoints<br/>]]>
  </system-out>
  <testcase name="createWebServiceEndpoints" time="19.529" classname="com.ConnexoAdmin.testcases.WebServiceEndpointsTest"/>
  <system-out>
    <![CDATA[Starting execution of create Web service endpoints<br/>]]>
  </system-out>
  <testcase name="activateWSEP" time="10.063" classname="com.ConnexoAdmin.testcases.WebServiceEndpointsTest"/>
  <system-out>
    <![CDATA[Starting execution of Activating Instances of Web service endpoints<br/>]]>
  </system-out>
  <testcase name="DeactivateWSEP" time="10.832" classname="com.ConnexoAdmin.testcases.WebServiceEndpointsTest"/>
  <system-out>
    <![CDATA[Starting the testcase Deactivate & Removing Instances of Web service endpoints<br/>]]>
  </system-out>
</testsuite> <!-- com.ConnexoAdmin.testcases.WebServiceEndpointsTest -->
