<?xml version="1.0" encoding="UTF-8"?>
<!-- Generated by org.testng.reporters.JUnitReportReporter -->
<testsuite skipped="0" hostname="IE1FLTJCDCK63" name="com.ConnexoAdmin.testcases.ApplicationServersTest" tests="6" failures="0" timestamp="2022-03-19T23:47:02 IST" time="131.027" errors="0">
  <testcase name="verifyAndSelectMessageQueues" time="66.843" classname="com.ConnexoAdmin.testcases.ApplicationServersTest"/>
  <system-out>
    <![CDATA[Executing testcase verify And SelectMessageQueues<br/>]]>
  </system-out>
  <testcase name="CreatedApplicationServers" time="12.187" classname="com.ConnexoAdmin.testcases.ApplicationServersTest"/>
  <system-out>
    <![CDATA[Verify Create Application Servers<br/>]]>
  </system-out>
  <testcase name="activationApplicationServers" time="9.910" classname="com.ConnexoAdmin.testcases.ApplicationServersTest"/>
  <system-out>
    <![CDATA[Verify Activate Application Servers<br/>]]>
  </system-out>
  <testcase name="deactivednApplicationServers" time="9.979" classname="com.ConnexoAdmin.testcases.ApplicationServersTest"/>
  <system-out>
    <![CDATA[Verify Deactivate Application Servers<br/>]]>
  </system-out>
  <testcase name="editionnApplicationServers" time="17.201" classname="com.ConnexoAdmin.testcases.ApplicationServersTest"/>
  <system-out>
    <![CDATA[Verify Save Application Servers<br/>]]>
  </system-out>
  <testcase name="removedApplicationServer" time="14.907" classname="com.ConnexoAdmin.testcases.ApplicationServersTest"/>
  <system-out>
    <![CDATA[Verify remove Application Servers<br/>]]>
  </system-out>
</testsuite> <!-- com.ConnexoAdmin.testcases.ApplicationServersTest -->
