<?xml version="1.0" encoding="UTF-8"?>
<!-- Generated by org.testng.reporters.JUnitReportReporter -->
<testsuite skipped="0" hostname="IE1FLTJCDCK63" name="com.multisense.testcases.RegistergroupTest" tests="6" failures="0" timestamp="2022-03-19T23:47:02 IST" time="150.812" errors="0">
  <testcase name="Registergroups" time="103.228" classname="com.multisense.testcases.RegistergroupTest"/>
  <system-out>
    <![CDATA[Starting Test case Register gropus<br/>]]>
  </system-out>
  <testcase name="AddRegisterButton" time="1.628" classname="com.multisense.testcases.RegistergroupTest"/>
  <system-out>
    <![CDATA[Starting Test case Add Register gropus<br/>]]>
  </system-out>
  <testcase name="clicAddRegisterGroupname" time="1.971" classname="com.multisense.testcases.RegistergroupTest"/>
  <system-out>
    <![CDATA[Starting Test case Click Add Register gropus<br/>]]>
  </system-out>
  <testcase name="editRegistergroup" time="18.784" classname="com.multisense.testcases.RegistergroupTest"/>
  <system-out>
    <![CDATA[Starting Test case Edit Register gropus<br/>]]>
  </system-out>
  <testcase name="removeregistergroup" time="16.995" classname="com.multisense.testcases.RegistergroupTest"/>
  <system-out>
    <![CDATA[Starting Test case Remove Register gropus<br/>]]>
  </system-out>
  <testcase name="verifyaddregistergroupfields" time="8.206" classname="com.multisense.testcases.RegistergroupTest"/>
  <system-out>
    <![CDATA[Starting Test case Verify Add Register Group Fields<br/>]]>
  </system-out>
</testsuite> <!-- com.multisense.testcases.RegistergroupTest -->
