<?xml version="1.0" encoding="UTF-8"?>
<!-- Generated by org.testng.reporters.JUnitReportReporter -->
<testsuite skipped="0" hostname="IE1FLTJCDCK63" name="com.multisense.testcases.CommunicationTasksTest" tests="19" failures="0" timestamp="2022-03-19T23:47:02 IST" time="348.198" errors="0">
  <testcase name="ChangeTaskperpage" time="122.998" classname="com.multisense.testcases.CommunicationTasksTest"/>
  <system-out>
    <![CDATA[Starting Change Communication Task per page test case<br/>]]>
  </system-out>
  <testcase name="verifyCommunicationTaskNameField" time="4.701" classname="com.multisense.testcases.CommunicationTasksTest"/>
  <system-out>
    <![CDATA[Starting test case for Verifying Communication Task Name filed<br/>]]>
  </system-out>
  <testcase name="verifyAndSelectCommunicationTask" time="0.547" classname="com.multisense.testcases.CommunicationTasksTest"/>
  <system-out>
    <![CDATA[Starting Select Communication Task test case<br/>]]>
  </system-out>
  <testcase name="CreatedCommunicationTask" time="10.584" classname="com.multisense.testcases.CommunicationTasksTest"/>
  <system-out>
    <![CDATA[Starting Create Communication Task test case<br/>]]>
  </system-out>
  <testcase name="CreateActionBasicCheck" time="18.331" classname="com.multisense.testcases.CommunicationTasksTest"/>
  <system-out>
    <![CDATA[Starting Creating Communication Task Basic Check Action test case<br/>]]>
  </system-out>
  <testcase name="CreateActionClockForce" time="12.897" classname="com.multisense.testcases.CommunicationTasksTest"/>
  <system-out>
    <![CDATA[Starting Creating Communication Task Clock Force Action test case<br/>]]>
  </system-out>
  <testcase name="CreateActionClockSet" time="14.699" classname="com.multisense.testcases.CommunicationTasksTest"/>
  <system-out>
    <![CDATA[Starting Creating Communication Task Clock Set Action test case<br/>]]>
  </system-out>
  <testcase name="CreateActionClockSynchronize" time="14.694" classname="com.multisense.testcases.CommunicationTasksTest"/>
  <system-out>
    <![CDATA[Starting Creating Communication Task Clock Synchronize Action test case<br/>]]>
  </system-out>
  <testcase name="CreateActionLoadProfiles" time="18.420" classname="com.multisense.testcases.CommunicationTasksTest"/>
  <system-out>
    <![CDATA[Starting Creating Communication Task Load Profile Action test case<br/>]]>
  </system-out>
  <testcase name="CreateActionLogbooks" time="13.106" classname="com.multisense.testcases.CommunicationTasksTest"/>
  <system-out>
    <![CDATA[Starting Creating Communication Task Logbook Action test case<br/>]]>
  </system-out>
  <testcase name="CreateActionRegisters" time="17.984" classname="com.multisense.testcases.CommunicationTasksTest"/>
  <system-out>
    <![CDATA[Starting Creating Communication Task Registers Action test case<br/>]]>
  </system-out>
  <testcase name="CreateActionStatusInformation" time="12.991" classname="com.multisense.testcases.CommunicationTasksTest"/>
  <system-out>
    <![CDATA[Starting Creating Communication Task Status Information Action test case<br/>]]>
  </system-out>
  <testcase name="CreateActionTopologyUpdate" time="12.878" classname="com.multisense.testcases.CommunicationTasksTest"/>
  <system-out>
    <![CDATA[Starting Creating Communication Task Status Information Action test case<br/>]]>
  </system-out>
  <testcase name="CreateActionTopologyVerify" time="14.812" classname="com.multisense.testcases.CommunicationTasksTest"/>
  <system-out>
    <![CDATA[Starting Creating Communication Task Status Information Action test case<br/>]]>
  </system-out>
  <testcase name="CreatedCommonCategories" time="9.421" classname="com.multisense.testcases.CommunicationTasksTest"/>
  <system-out>
    <![CDATA[Starting Create Commom Categories test case<br/>]]>
  </system-out>
  <testcase name="CheckActivityCalenderCommonCategories" time="12.447" classname="com.multisense.testcases.CommunicationTasksTest"/>
  <system-out>
    <![CDATA[Starting Check Activity Calender Common Categories<br/>]]>
  </system-out>
  <testcase name="CheckAllCommonCategories" time="16.878" classname="com.multisense.testcases.CommunicationTasksTest"/>
  <system-out>
    <![CDATA[Starting Check All Common Categories<br/>]]>
  </system-out>
  <testcase name="RemovePrivileges" time="10.921" classname="com.multisense.testcases.CommunicationTasksTest"/>
  <system-out>
    <![CDATA[Starting test case to remove privileges<br/>]]>
  </system-out>
  <testcase name="AddPrivileges" time="8.889" classname="com.multisense.testcases.CommunicationTasksTest"/>
  <system-out>
    <![CDATA[Starting test case to add privileges<br/>]]>
  </system-out>
</testsuite> <!-- com.multisense.testcases.CommunicationTasksTest -->
