<?xml version="1.0" encoding="UTF-8"?>
<!-- Generated by org.testng.reporters.JUnitReportReporter -->
<testsuite skipped="0" hostname="IE1FLTJCDCK63" name="com.Workspace.testcases.DataCollectionIssuesTest" tests="71" failures="0" timestamp="2022-03-19T23:47:02 IST" time="1366.041" errors="0">
  <testcase name="verifyNavigationToDCIssuesPage" time="95.341" classname="com.Workspace.testcases.DataCollectionIssuesTest"/>
  <system-out>
    <![CDATA[Starting testcase Verify Navigation to Workspace DC Issues page<br/>]]>
  </system-out>
  <testcase name="clickwrkissdevdd" time="9.013" classname="com.Workspace.testcases.DataCollectionIssuesTest"/>
  <system-out/>
  <testcase name="clickwrkissduedtdd" time="14.860" classname="com.Workspace.testcases.DataCollectionIssuesTest"/>
  <system-out/>
  <testcase name="clickwrktypedd" time="16.935" classname="com.Workspace.testcases.DataCollectionIssuesTest"/>
  <system-out/>
  <testcase name="clickwrkgrdd" time="16.276" classname="com.Workspace.testcases.DataCollectionIssuesTest"/>
  <system-out/>
  <testcase name="clickusrdd" time="11.480" classname="com.Workspace.testcases.DataCollectionIssuesTest"/>
  <system-out/>
  <testcase name="clickstatusbwdd" time="19.676" classname="com.Workspace.testcases.DataCollectionIssuesTest"/>
  <system-out/>
  <testcase name="clickreasonissdd" time="11.680" classname="com.Workspace.testcases.DataCollectionIssuesTest"/>
  <system-out/>
  <testcase name="clickpriorsort" time="8.328" classname="com.Workspace.testcases.DataCollectionIssuesTest"/>
  <system-out/>
  <testcase name="clicksort" time="3.611" classname="com.Workspace.testcases.DataCollectionIssuesTest"/>
  <system-out/>
  <testcase name="clickrmsort" time="4.729" classname="com.Workspace.testcases.DataCollectionIssuesTest"/>
  <system-out/>
  <testcase name="clickdwnld" time="4.562" classname="com.Workspace.testcases.DataCollectionIssuesTest"/>
  <system-out/>
  <testcase name="clickbulkactions" time="3.319" classname="com.Workspace.testcases.DataCollectionIssuesTest"/>
  <system-out/>
  <testcase name="clickbulkactionssel" time="2.947" classname="com.Workspace.testcases.DataCollectionIssuesTest"/>
  <system-out/>
  <testcase name="clickbulkactionsselone" time="17.975" classname="com.Workspace.testcases.DataCollectionIssuesTest"/>
  <system-out/>
  <testcase name="clickbulkactionsselalrmactassign" time="13.929" classname="com.Workspace.testcases.DataCollectionIssuesTest"/>
  <system-out/>
  <testcase name="clickbulkactionsselissactclsalrm" time="47.811" classname="com.Workspace.testcases.DataCollectionIssuesTest"/>
  <system-out/>
  <testcase name="clickbulkactionsselissactRetrycommtask" time="26.933" classname="com.Workspace.testcases.DataCollectionIssuesTest"/>
  <system-out/>
  <testcase name="clickbulkactionsselissactRetrycommtasknow" time="35.703" classname="com.Workspace.testcases.DataCollectionIssuesTest"/>
  <system-out/>
  <testcase name="clickbulkactionsselissactRetryconnection" time="35.503" classname="com.Workspace.testcases.DataCollectionIssuesTest"/>
  <system-out/>
  <testcase name="clickbulkactionsselissactsetprio" time="37.818" classname="com.Workspace.testcases.DataCollectionIssuesTest"/>
  <system-out/>
  <testcase name="clickbulkactionsselissactsnz" time="37.146" classname="com.Workspace.testcases.DataCollectionIssuesTest"/>
  <system-out/>
  <testcase name="clickbulkactionsselall" time="22.409" classname="com.Workspace.testcases.DataCollectionIssuesTest"/>
  <system-out/>
  <testcase name="scrollIssrmpage" time="8.228" classname="com.Workspace.testcases.DataCollectionIssuesTest"/>
  <system-out/>
  <testcase name="clickbulkactionsselisperpage" time="6.968" classname="com.Workspace.testcases.DataCollectionIssuesTest"/>
  <system-out/>
  <testcase name="NavigationToDCOpenIssuesPage" time="7.883" classname="com.Workspace.testcases.DataCollectionIssuesTest"/>
  <system-out/>
  <testcase name="clickwrkopnissdevdd" time="14.781" classname="com.Workspace.testcases.DataCollectionIssuesTest"/>
  <system-out/>
  <testcase name="clickwrkopnissduedtdd" time="17.635" classname="com.Workspace.testcases.DataCollectionIssuesTest"/>
  <system-out/>
  <testcase name="clickpnisswrktypedd" time="19.681" classname="com.Workspace.testcases.DataCollectionIssuesTest"/>
  <system-out/>
  <testcase name="clickopnwrkgrdd" time="20.691" classname="com.Workspace.testcases.DataCollectionIssuesTest"/>
  <system-out/>
  <testcase name="clickopnissusrdd" time="14.190" classname="com.Workspace.testcases.DataCollectionIssuesTest"/>
  <system-out/>
  <testcase name="clickopnissstatusbwdd" time="19.295" classname="com.Workspace.testcases.DataCollectionIssuesTest"/>
  <system-out/>
  <testcase name="clickopnissreasonissdd" time="11.400" classname="com.Workspace.testcases.DataCollectionIssuesTest"/>
  <system-out/>
  <testcase name="clickopnisssort" time="4.921" classname="com.Workspace.testcases.DataCollectionIssuesTest"/>
  <system-out/>
  <testcase name="clickopnissdwnld" time="4.800" classname="com.Workspace.testcases.DataCollectionIssuesTest"/>
  <system-out/>
  <testcase name="clickissbulkactions" time="3.917" classname="com.Workspace.testcases.DataCollectionIssuesTest"/>
  <system-out/>
  <testcase name="clickopnissbulkactionssel" time="3.493" classname="com.Workspace.testcases.DataCollectionIssuesTest"/>
  <system-out/>
  <testcase name="clickopnissbulkactionsselone" time="15.339" classname="com.Workspace.testcases.DataCollectionIssuesTest"/>
  <system-out/>
  <testcase name="clickopnissbulkactionsselalrmactassign" time="15.793" classname="com.Workspace.testcases.DataCollectionIssuesTest"/>
  <system-out/>
  <testcase name="clickopnissbulkactionsselissactclsalrm" time="47.554" classname="com.Workspace.testcases.DataCollectionIssuesTest"/>
  <system-out/>
  <testcase name="clickopnissbulkactionsselissactRetrycommtask" time="30.096" classname="com.Workspace.testcases.DataCollectionIssuesTest"/>
  <system-out/>
  <testcase name="clickopnissbulkactionsselissactRetrycommtasknow" time="37.470" classname="com.Workspace.testcases.DataCollectionIssuesTest"/>
  <system-out/>
  <testcase name="clickopnissbulkactionsselissactRetryconnection" time="36.462" classname="com.Workspace.testcases.DataCollectionIssuesTest"/>
  <system-out/>
  <testcase name="clickopnissbulkactionsselissactsetprio" time="37.410" classname="com.Workspace.testcases.DataCollectionIssuesTest"/>
  <system-out/>
  <testcase name="clickopnsissbulkactionsselissactsnz" time="33.441" classname="com.Workspace.testcases.DataCollectionIssuesTest"/>
  <system-out/>
  <testcase name="clickopnissbulkactionsselall" time="22.801" classname="com.Workspace.testcases.DataCollectionIssuesTest"/>
  <system-out/>
  <testcase name="scrollopnIssrmpage" time="8.182" classname="com.Workspace.testcases.DataCollectionIssuesTest"/>
  <system-out/>
  <testcase name="clickopnbulkactionsselisperpage" time="6.824" classname="com.Workspace.testcases.DataCollectionIssuesTest"/>
  <system-out/>
  <testcase name="NavigationToDCMwrkgrpIssuesPage" time="4.294" classname="com.Workspace.testcases.DataCollectionIssuesTest"/>
  <system-out/>
  <testcase name="clickwrkgrpissdevdd" time="13.427" classname="com.Workspace.testcases.DataCollectionIssuesTest"/>
  <system-out/>
  <testcase name="clickwrkgrpissduedtdd" time="15.333" classname="com.Workspace.testcases.DataCollectionIssuesTest"/>
  <system-out/>
  <testcase name="clickwrkgrpisswrktypedd" time="17.489" classname="com.Workspace.testcases.DataCollectionIssuesTest"/>
  <system-out/>
  <testcase name="clickwrkgrpwrkgrdd" time="16.147" classname="com.Workspace.testcases.DataCollectionIssuesTest"/>
  <system-out/>
  <testcase name="clickwrkgrpissusrdd" time="13.306" classname="com.Workspace.testcases.DataCollectionIssuesTest"/>
  <system-out/>
  <testcase name="clickwrkgrpissstatusbwdd" time="22.276" classname="com.Workspace.testcases.DataCollectionIssuesTest"/>
  <system-out/>
  <testcase name="clickwrkgrpissreasonissdd" time="11.350" classname="com.Workspace.testcases.DataCollectionIssuesTest"/>
  <system-out/>
  <testcase name="clickwrkgrpisssort" time="4.294" classname="com.Workspace.testcases.DataCollectionIssuesTest"/>
  <system-out/>
  <testcase name="clickwrkgrpissdwnld" time="4.590" classname="com.Workspace.testcases.DataCollectionIssuesTest"/>
  <system-out/>
  <testcase name="clickwrkissbulkactions" time="3.731" classname="com.Workspace.testcases.DataCollectionIssuesTest"/>
  <system-out/>
  <testcase name="clickwrkgrpissbulkactionssel" time="2.714" classname="com.Workspace.testcases.DataCollectionIssuesTest"/>
  <system-out/>
  <testcase name="clickwrkgrpissbulkactionsselone" time="20.506" classname="com.Workspace.testcases.DataCollectionIssuesTest"/>
  <system-out/>
  <testcase name="clickwrkgrpissbulkactionsselalrmactassign" time="11.725" classname="com.Workspace.testcases.DataCollectionIssuesTest"/>
  <system-out/>
  <testcase name="clickwrkgrpissbulkactionsselissactclsalrm" time="46.923" classname="com.Workspace.testcases.DataCollectionIssuesTest"/>
  <system-out/>
  <testcase name="clickwrkgrpissbulkactionsselissactRetrycommtask" time="32.950" classname="com.Workspace.testcases.DataCollectionIssuesTest"/>
  <system-out/>
  <testcase name="clickwrkgrpissbulkactionsselissactRetrycommtasknow" time="36.240" classname="com.Workspace.testcases.DataCollectionIssuesTest"/>
  <system-out/>
  <testcase name="clickwrkgrpissbulkactionsselissactRetryconnection" time="35.007" classname="com.Workspace.testcases.DataCollectionIssuesTest"/>
  <system-out/>
  <testcase name="clickwrkgrpissbulkactionsselissactsetprio" time="35.730" classname="com.Workspace.testcases.DataCollectionIssuesTest"/>
  <system-out/>
  <testcase name="clickwrkgrpsissbulkactionsselissactsnz" time="32.024" classname="com.Workspace.testcases.DataCollectionIssuesTest"/>
  <system-out/>
  <testcase name="clickwrkissbulkactionsselall" time="23.619" classname="com.Workspace.testcases.DataCollectionIssuesTest"/>
  <system-out/>
  <testcase name="scrollwrkIssrmpage" time="8.266" classname="com.Workspace.testcases.DataCollectionIssuesTest"/>
  <system-out/>
  <testcase name="clickwrkgrpbulkactionsselisperpage" time="6.861" classname="com.Workspace.testcases.DataCollectionIssuesTest"/>
  <system-out/>
</testsuite> <!-- com.Workspace.testcases.DataCollectionIssuesTest -->
