<?xml version="1.0" encoding="UTF-8"?>
<!-- Generated by org.testng.reporters.JUnitReportReporter -->
<testsuite hostname="AVDCINDED-7" failures="0" tests="5" name="com.Workspace.testcases.MultiSence_WorkSpace_Issues_Issuesoverview" time="133.249" errors="0" timestamp="2022-09-28T02:56:58 IST" skipped="0">
  <testcase classname="com.Workspace.testcases.MultiSence_WorkSpace_Issues_Issuesoverview" name="TC001_NavigateToAlarmsPage" time="82.237"/>
  <system-out/>
  <testcase classname="com.Workspace.testcases.MultiSence_WorkSpace_Issues_Issuesoverview" name="TC002_ValidateIssueStatusFilter" time="10.733"/>
  <system-out/>
  <testcase classname="com.Workspace.testcases.MultiSence_WorkSpace_Issues_Issuesoverview" name="TC003_ValidateIssueWorkgroupFilter" time="10.001"/>
  <system-out/>
  <testcase classname="com.Workspace.testcases.MultiSence_WorkSpace_Issues_Issuesoverview" name="TC004_ValidateIssueUserFilter" time="21.762"/>
  <system-out/>
  <testcase classname="com.Workspace.testcases.MultiSence_WorkSpace_Issues_Issuesoverview" name="TC005_ValidateTypeFilters" time="8.516"/>
  <system-out/>
</testsuite> <!-- com.Workspace.testcases.MultiSence_WorkSpace_Issues_Issuesoverview -->
