<?xml version="1.0" encoding="UTF-8"?>
<!-- Generated by org.testng.reporters.JUnitReportReporter -->
<testsuite skipped="0" hostname="IE1FLTJCDCK63" name="com.ConnexoAdmin.testcases.CertificateViewTest" tests="9" failures="0" timestamp="2022-03-19T23:47:02 IST" time="706.703" errors="0">
  <testcase name="verifyByClickingRemoveOptionInCertificatePage" time="138.421" classname="com.ConnexoAdmin.testcases.CertificateViewTest"/>
  <system-out/>
  <testcase name="verifyCancelButtonForRemovePopupInCertificatePage" time="76.530" classname="com.ConnexoAdmin.testcases.CertificateViewTest"/>
  <system-out/>
  <testcase name="verifyCrossIconForRemovePopupInCertificatePage" time="76.371" classname="com.ConnexoAdmin.testcases.CertificateViewTest"/>
  <system-out/>
  <testcase name="verifyRemoveButtonForRemovePopupInCertificatePage" time="54.557" classname="com.ConnexoAdmin.testcases.CertificateViewTest"/>
  <system-out/>
  <testcase name="verifyMarkAsObsoleteOptionInCertificatePage" time="65.248" classname="com.ConnexoAdmin.testcases.CertificateViewTest"/>
  <system-out/>
  <testcase name="verifyCertificateAfterMarkAsObsoleteStatusInCertificatePage" time="72.247" classname="com.ConnexoAdmin.testcases.CertificateViewTest"/>
  <system-out/>
  <testcase name="verifUnMarkAsObsoleteOptionInCertificatePage" time="85.899" classname="com.ConnexoAdmin.testcases.CertificateViewTest"/>
  <system-out/>
  <testcase name="verifyCertificateAfterUnMarkObsoleteStatusInCertificatePage" time="80.412" classname="com.ConnexoAdmin.testcases.CertificateViewTest"/>
  <system-out/>
  <testcase name="verifyClickOnCertificateAlias" time="57.018" classname="com.ConnexoAdmin.testcases.CertificateViewTest"/>
  <system-out/>
</testsuite> <!-- com.ConnexoAdmin.testcases.CertificateViewTest -->
