<?xml version="1.0" encoding="UTF-8"?>
<!-- Generated by org.testng.reporters.JUnitReportReporter -->
<testsuite skipped="0" hostname="IE1FLTJCDCK63" name="com.ConnexoAdmin.testcases.UserCreationTest" tests="26" failures="0" timestamp="2022-03-19T23:47:02 IST" time="1167.725" errors="0">
  <testcase name="ValidateUserActionIcon" time="114.686" classname="com.ConnexoAdmin.testcases.UserCreationTest"/>
  <system-out/>
  <testcase name="VerifyByClickEditOptionInUserActionIcon" time="14.452" classname="com.ConnexoAdmin.testcases.UserCreationTest"/>
  <system-out/>
  <testcase name="VerifySaveButton" time="10.858" classname="com.ConnexoAdmin.testcases.UserCreationTest"/>
  <system-out/>
  <testcase name="VerifyCancelButtonForEditUser" time="15.527" classname="com.ConnexoAdmin.testcases.UserCreationTest"/>
  <system-out/>
  <testcase name="VerifyUserNameInputDisbledInEditModeForBobUser" time="16.948" classname="com.ConnexoAdmin.testcases.UserCreationTest"/>
  <system-out/>
  <testcase name="VerifyUserDirectoryDisbledInEditModeForBobUser" time="19.010" classname="com.ConnexoAdmin.testcases.UserCreationTest"/>
  <system-out/>
  <testcase name="VerifyUserNameDropdown" time="14.012" classname="com.ConnexoAdmin.testcases.UserCreationTest"/>
  <system-out/>
  <testcase name="VerifyUserNameDropdownEqualOperator" time="22.616" classname="com.ConnexoAdmin.testcases.UserCreationTest"/>
  <system-out/>
  <testcase name="VerifyUserNameInputInUserNameDropdown" time="31.355" classname="com.ConnexoAdmin.testcases.UserCreationTest"/>
  <system-out/>
  <testcase name="VerifyUserNameInputInUserNameDropdownWithApplySearch" time="57.666" classname="com.ConnexoAdmin.testcases.UserCreationTest"/>
  <system-out/>
  <testcase name="VerifyDescriptionDropdown" time="13.864" classname="com.ConnexoAdmin.testcases.UserCreationTest"/>
  <system-out/>
  <testcase name="VerifyDescriptionDropdownEqualOperator" time="22.575" classname="com.ConnexoAdmin.testcases.UserCreationTest"/>
  <system-out/>
  <testcase name="VerifyDescriptionInputInUserNameDropdown" time="31.447" classname="com.ConnexoAdmin.testcases.UserCreationTest"/>
  <system-out/>
  <testcase name="VerifyDescriptionInputInDescriptionDropdownWithApplySearch" time="56.596" classname="com.ConnexoAdmin.testcases.UserCreationTest"/>
  <system-out/>
  <testcase name="VerifyActiveDropdown" time="11.867" classname="com.ConnexoAdmin.testcases.UserCreationTest"/>
  <system-out/>
  <testcase name="VerifyYesButtonActiveDropdown" time="32.722" classname="com.ConnexoAdmin.testcases.UserCreationTest"/>
  <system-out/>
  <testcase name="VerifyYesButtonActiveDropdownWithSearch" time="41.284" classname="com.ConnexoAdmin.testcases.UserCreationTest"/>
  <system-out/>
  <testcase name="VerifyNoButtonActiveDropdown" time="15.527" classname="com.ConnexoAdmin.testcases.UserCreationTest"/>
  <system-out/>
  <testcase name="VerifyNoButtonActiveDropdownWithSearch" time="40.630" classname="com.ConnexoAdmin.testcases.UserCreationTest"/>
  <system-out/>
  <testcase name="VerifyCountButton" time="28.699" classname="com.ConnexoAdmin.testcases.UserCreationTest"/>
  <system-out/>
  <testcase name="VerifyColumnDropdown" time="11.899" classname="com.ConnexoAdmin.testcases.UserCreationTest"/>
  <system-out/>
  <testcase name="VerifyRestoreDefaultsInColumnDropdown" time="13.709" classname="com.ConnexoAdmin.testcases.UserCreationTest"/>
  <system-out/>
  <testcase name="VerifyDoneButtonInColumnDropdown" time="11.914" classname="com.ConnexoAdmin.testcases.UserCreationTest"/>
  <system-out/>
  <testcase name="VerifyCancelButtonInColumnDropdown" time="11.934" classname="com.ConnexoAdmin.testcases.UserCreationTest"/>
  <system-out/>
  <testcase name="VerifyClearAllButton" time="44.142" classname="com.ConnexoAdmin.testcases.UserCreationTest"/>
  <system-out/>
  <testcase name="ValidateCreatedRoleInUserEditPage" time="461.786" classname="com.ConnexoAdmin.testcases.UserCreationTest"/>
  <system-out/>
</testsuite> <!-- com.ConnexoAdmin.testcases.UserCreationTest -->
