<?xml version="1.0" encoding="UTF-8"?>
<!-- Generated by org.testng.reporters.JUnitReportReporter -->
<testsuite skipped="0" hostname="IE1FLTJCDCK63" name="com.ConnexoAdmin.testcases.ApplicationServerCreationTest" tests="19" failures="0" timestamp="2022-03-19T23:47:02 IST" time="469.046" errors="0">
  <testcase name="verifyApplicationServerWithoutInputs" time="79.380" classname="com.ConnexoAdmin.testcases.ApplicationServerCreationTest"/>
  <system-out/>
  <testcase name="verifyApplicationServerNameErrorWithSpecialChar" time="19.351" classname="com.ConnexoAdmin.testcases.ApplicationServerCreationTest"/>
  <system-out/>
  <testcase name="verifyApplicationServerNameErrorWithMaxLength" time="17.855" classname="com.ConnexoAdmin.testcases.ApplicationServerCreationTest"/>
  <system-out/>
  <testcase name="verifyApplicationServerExportPathErrorWithSpecialChar" time="17.892" classname="com.ConnexoAdmin.testcases.ApplicationServerCreationTest"/>
  <system-out/>
  <testcase name="verifyApplicationServerImportPathErrorWithSpecialChar" time="18.068" classname="com.ConnexoAdmin.testcases.ApplicationServerCreationTest"/>
  <system-out/>
  <testcase name="verifyStatusChangeForMessageQueue" time="17.252" classname="com.ConnexoAdmin.testcases.ApplicationServerCreationTest"/>
  <system-out/>
  <testcase name="verifyThreadChangeForMessageQueue" time="15.471" classname="com.ConnexoAdmin.testcases.ApplicationServerCreationTest"/>
  <system-out/>
  <testcase name="verifyClickOnFirstCrossIconInMessageQueue" time="13.739" classname="com.ConnexoAdmin.testcases.ApplicationServerCreationTest"/>
  <system-out/>
  <testcase name="verifyAddMessageServicesButtonEnabled" time="18.416" classname="com.ConnexoAdmin.testcases.ApplicationServerCreationTest"/>
  <system-out/>
  <testcase name="verifyRemovedMessageServiceAddedInAddMessageServicesPage" time="20.055" classname="com.ConnexoAdmin.testcases.ApplicationServerCreationTest"/>
  <system-out/>
  <testcase name="verifyClickCheckboxForRemovedMessageService" time="22.421" classname="com.ConnexoAdmin.testcases.ApplicationServerCreationTest"/>
  <system-out/>
  <testcase name="verifyByAddRemovedMessageService" time="23.963" classname="com.ConnexoAdmin.testcases.ApplicationServerCreationTest"/>
  <system-out/>
  <testcase name="verifyMultipleMessageServicesCheckboxes" time="27.068" classname="com.ConnexoAdmin.testcases.ApplicationServerCreationTest"/>
  <system-out/>
  <testcase name="verifyUncheckAllButtonEnable" time="23.217" classname="com.ConnexoAdmin.testcases.ApplicationServerCreationTest"/>
  <system-out/>
  <testcase name="verifyAddImportServicesButtonEnabled" time="15.800" classname="com.ConnexoAdmin.testcases.ApplicationServerCreationTest"/>
  <system-out/>
  <testcase name="verifyRemovedMessageServiceAddedInAddImportServicesPage" time="27.446" classname="com.ConnexoAdmin.testcases.ApplicationServerCreationTest"/>
  <system-out/>
  <testcase name="verifyClickCheckboxForRemovedImportService" time="29.582" classname="com.ConnexoAdmin.testcases.ApplicationServerCreationTest"/>
  <system-out/>
  <testcase name="verifyByAddRemovedImportService" time="27.351" classname="com.ConnexoAdmin.testcases.ApplicationServerCreationTest"/>
  <system-out/>
  <testcase name="verifyMultipleImportServicesCheckboxes" time="34.719" classname="com.ConnexoAdmin.testcases.ApplicationServerCreationTest"/>
  <system-out/>
</testsuite> <!-- com.ConnexoAdmin.testcases.ApplicationServerCreationTest -->
