<?xml version="1.0" encoding="UTF-8"?>
<!-- Generated by org.testng.reporters.JUnitReportReporter -->
<testsuite skipped="0" hostname="IE1FLTJCDCK63" name="com.ConnexoAdmin.testcases.UserTest" tests="4" failures="0" timestamp="2022-03-19T23:47:02 IST" time="164.648" errors="0">
  <testcase name="UserDirectories" time="108.851" classname="com.ConnexoAdmin.testcases.UserTest"/>
  <system-out>
    <![CDATA[Executing test case User Directory test<br/>]]>
  </system-out>
  <testcase name="editUser" time="36.015" classname="com.ConnexoAdmin.testcases.UserTest"/>
  <system-out>
    <![CDATA[Executing test case Edit User<br/>]]>
  </system-out>
  <testcase name="activateuser" time="9.945" classname="com.ConnexoAdmin.testcases.UserTest"/>
  <system-out>
    <![CDATA[Executing testcase activate user<br/>]]>
  </system-out>
  <testcase name="deactivateuser" time="9.837" classname="com.ConnexoAdmin.testcases.UserTest"/>
  <system-out>
    <![CDATA[Executing testcase Deactivate user<br/>]]>
  </system-out>
</testsuite> <!-- com.ConnexoAdmin.testcases.UserTest -->
