<?xml version="1.0" encoding="UTF-8"?>
<!-- Generated by org.testng.reporters.JUnitReportReporter -->
<testsuite skipped="0" hostname="IE1FLTJCDCK63" name="com.multisense.testcases.AlarmCreationRulesTest" tests="7" failures="0" timestamp="2022-03-19T23:47:02 IST" time="225.589" errors="0">
  <testcase name="verifyNavigationToAlarmCreationRulesPage" time="99.994" classname="com.multisense.testcases.AlarmCreationRulesTest"/>
  <system-out>
    <![CDATA[Starting testcase Verify navigation to Alarm creation rules<br/>]]>
  </system-out>
  <testcase name="addAlarmRule" time="70.673" classname="com.multisense.testcases.AlarmCreationRulesTest"/>
  <system-out>
    <![CDATA[Starting testcase Adding Alarm rules<br/>]]>
  </system-out>
  <testcase name="verifyalarmrulecreation" time="7.368" classname="com.multisense.testcases.AlarmCreationRulesTest"/>
  <system-out>
    <![CDATA[Starting testcase Verifying the Alarm rule creation<br/>]]>
  </system-out>
  <testcase name="verifyalarmruleActivation" time="9.441" classname="com.multisense.testcases.AlarmCreationRulesTest"/>
  <system-out>
    <![CDATA[Starting testcase Verifying the Alarm rule activation<br/>]]>
  </system-out>
  <testcase name="verifyalarmruledeActivation" time="14.326" classname="com.multisense.testcases.AlarmCreationRulesTest"/>
  <system-out>
    <![CDATA[Staring testcase Verifying the Alarm rule deactivation<br/>]]>
  </system-out>
  <testcase name="editalarmcreationrule" time="8.158" classname="com.multisense.testcases.AlarmCreationRulesTest"/>
  <system-out/>
  <testcase name="verifyalarmruleremoval" time="15.629" classname="com.multisense.testcases.AlarmCreationRulesTest"/>
  <system-out>
    <![CDATA[Starting testcase Verifying the Alarm rule Removal<br/>]]>
  </system-out>
</testsuite> <!-- com.multisense.testcases.AlarmCreationRulesTest -->
