<?xml version="1.0" encoding="UTF-8"?>
<!-- Generated by org.testng.reporters.JUnitReportReporter -->
<testsuite skipped="0" hostname="IE1FLTJCDCK63" name="com.DevicesAndSearch.testcases.DevicesTest" tests="9" failures="0" timestamp="2022-03-19T23:47:02 IST" time="132.143" errors="0">
  <testcase name="AddDevices" time="95.425" classname="com.DevicesAndSearch.testcases.DevicesTest"/>
  <system-out>
    <![CDATA[Starting testcase Select AddDevices<br/>]]>
  </system-out>
  <testcase name="AddDevicesSpecs" time="5.321" classname="com.DevicesAndSearch.testcases.DevicesTest"/>
  <system-out>
    <![CDATA[Starting testcase AddDevicesSpecs<br/>]]>
  </system-out>
  <testcase name="CreateIssue" time="7.044" classname="com.DevicesAndSearch.testcases.DevicesTest"/>
  <system-out>
    <![CDATA[Starting testcase Create Issue<br/>]]>
  </system-out>
  <testcase name="Deactivate" time="6.913" classname="com.DevicesAndSearch.testcases.DevicesTest"/>
  <system-out>
    <![CDATA[Starting testcase DeactivateCommbutton<br/>]]>
  </system-out>
  <testcase name="Activate" time="7.171" classname="com.DevicesAndSearch.testcases.DevicesTest"/>
  <system-out>
    <![CDATA[Starting testcase ActivateConnbutton<br/>]]>
  </system-out>
  <testcase name="RunNowConnButton" time="3.344" classname="com.DevicesAndSearch.testcases.DevicesTest"/>
  <system-out/>
  <testcase name="ActivateAll" time="1.850" classname="com.DevicesAndSearch.testcases.DevicesTest"/>
  <system-out>
    <![CDATA[Starting testcase ActivateAllCommbutton<br/>]]>
  </system-out>
  <testcase name="DeactivateAll" time="1.637" classname="com.DevicesAndSearch.testcases.DevicesTest"/>
  <system-out/>
  <testcase name="RunNowCommButton" time="3.438" classname="com.DevicesAndSearch.testcases.DevicesTest"/>
  <system-out/>
</testsuite> <!-- com.DevicesAndSearch.testcases.DevicesTest -->
