<?xml version="1.0" encoding="UTF-8"?>
<!-- Generated by org.testng.reporters.JUnitReportReporter -->
<testsuite skipped="0" hostname="IE1FLTJCDCK63" name="com.Workspace.testcases.AuditTrailTest" tests="1" failures="0" timestamp="2022-03-19T23:47:02 IST" time="101.427" errors="0">
  <testcase name="clickWorkspace" time="101.427" classname="com.Workspace.testcases.AuditTrailTest"/>
  <system-out>
    <![CDATA[Staring testcase workspace<br/>]]>
  </system-out>
</testsuite> <!-- com.Workspace.testcases.AuditTrailTest -->
