<?xml version="1.0" encoding="UTF-8"?>
<!-- Generated by org.testng.reporters.JUnitReportReporter -->
<testsuite skipped="0" hostname="IE1FLTJCDCK63" name="com.DevicesAndSearch.testcases.DeviceReportsTest" tests="49" failures="0" timestamp="2022-03-19T23:47:02 IST" time="4517.280" errors="0">
  <testcase name="DeviceConfigurationOverviewDCTReport" time="145.058" classname="com.DevicesAndSearch.testcases.DeviceReportsTest"/>
  <system-out>
    <![CDATA[Starting Test case DeviceCommunicationTasks<br/>]]>
  </system-out>
  <testcase name="DeviceConnectionsDCTReport" time="90.490" classname="com.DevicesAndSearch.testcases.DeviceReportsTest"/>
  <system-out>
    <![CDATA[Starting Test case DeviceCommunicationTasks<br/>]]>
  </system-out>
  <testcase name="DeviceCommunicationTasksDCTReport" time="88.264" classname="com.DevicesAndSearch.testcases.DeviceReportsTest"/>
  <system-out>
    <![CDATA[Starting Test case DeviceCommunicationTasks<br/>]]>
  </system-out>
  <testcase name="GatewayPeformanceDCTReport" time="99.296" classname="com.DevicesAndSearch.testcases.DeviceReportsTest"/>
  <system-out>
    <![CDATA[Starting Test case DeviceCommunicationTasks<br/>]]>
  </system-out>
  <testcase name="MeterPeformanceDCTReport" time="93.358" classname="com.DevicesAndSearch.testcases.DeviceReportsTest"/>
  <system-out>
    <![CDATA[Starting Test case DeviceCommunicationTasks<br/>]]>
  </system-out>
  <testcase name="PointToPointPeformanceDCTReport" time="93.511" classname="com.DevicesAndSearch.testcases.DeviceReportsTest"/>
  <system-out>
    <![CDATA[Starting Test case DeviceCommunicationTasks<br/>]]>
  </system-out>
  <testcase name="RegisterDCTReport" time="93.703" classname="com.DevicesAndSearch.testcases.DeviceReportsTest"/>
  <system-out>
    <![CDATA[Starting Test case DeviceCommunicationTasks<br/>]]>
  </system-out>
  <testcase name="DeviceConfigurationOverviewDCOReport" time="82.590" classname="com.DevicesAndSearch.testcases.DeviceReportsTest"/>
  <system-out>
    <![CDATA[Starting Test case DeviceCommunicationTasks<br/>]]>
  </system-out>
  <testcase name="DeviceConnectionsDCOReport" time="89.312" classname="com.DevicesAndSearch.testcases.DeviceReportsTest"/>
  <system-out>
    <![CDATA[Starting Test case DeviceCommunicationTasks<br/>]]>
  </system-out>
  <testcase name="DeviceCommunicationTasksDCOReport" time="91.037" classname="com.DevicesAndSearch.testcases.DeviceReportsTest"/>
  <system-out>
    <![CDATA[Starting Test case DeviceCommunicationTasks<br/>]]>
  </system-out>
  <testcase name="GatewayPeformanceDCOReport" time="100.274" classname="com.DevicesAndSearch.testcases.DeviceReportsTest"/>
  <system-out>
    <![CDATA[Starting Test case DeviceCommunicationTasks<br/>]]>
  </system-out>
  <testcase name="MeterPeformanceDCOReport" time="94.186" classname="com.DevicesAndSearch.testcases.DeviceReportsTest"/>
  <system-out>
    <![CDATA[Starting Test case DeviceCommunicationTasks<br/>]]>
  </system-out>
  <testcase name="PointToPointPeformanceDCOReport" time="95.409" classname="com.DevicesAndSearch.testcases.DeviceReportsTest"/>
  <system-out>
    <![CDATA[Starting Test case DeviceCommunicationTasks<br/>]]>
  </system-out>
  <testcase name="RegisterDCOReport" time="94.691" classname="com.DevicesAndSearch.testcases.DeviceReportsTest"/>
  <system-out>
    <![CDATA[Starting Test case DeviceCommunicationTasks<br/>]]>
  </system-out>
  <testcase name="DeviceConfigurationOverviewDCReport" time="81.010" classname="com.DevicesAndSearch.testcases.DeviceReportsTest"/>
  <system-out>
    <![CDATA[Starting Test case DeviceCommunicationTasks<br/>]]>
  </system-out>
  <testcase name="DeviceConnectionsDCReport" time="86.681" classname="com.DevicesAndSearch.testcases.DeviceReportsTest"/>
  <system-out>
    <![CDATA[Starting Test case DeviceCommunicationTasks<br/>]]>
  </system-out>
  <testcase name="DeviceCommunicationTasksDCReport" time="86.917" classname="com.DevicesAndSearch.testcases.DeviceReportsTest"/>
  <system-out>
    <![CDATA[Starting Test case DeviceCommunicationTasks<br/>]]>
  </system-out>
  <testcase name="GatewayPeformanceDCReport" time="97.527" classname="com.DevicesAndSearch.testcases.DeviceReportsTest"/>
  <system-out>
    <![CDATA[Starting Test case DeviceCommunicationTasks<br/>]]>
  </system-out>
  <testcase name="MeterPeformanceDCReport" time="91.825" classname="com.DevicesAndSearch.testcases.DeviceReportsTest"/>
  <system-out>
    <![CDATA[Starting Test case DeviceCommunicationTasks<br/>]]>
  </system-out>
  <testcase name="PointToPointPeformanceDCReport" time="91.503" classname="com.DevicesAndSearch.testcases.DeviceReportsTest"/>
  <system-out>
    <![CDATA[Starting Test case DeviceCommunicationTasks<br/>]]>
  </system-out>
  <testcase name="RegisterDCReport" time="91.692" classname="com.DevicesAndSearch.testcases.DeviceReportsTest"/>
  <system-out>
    <![CDATA[Starting Test case DeviceCommunicationTasks<br/>]]>
  </system-out>
  <testcase name="DeviceConfigurationOverviewGPReport" time="81.063" classname="com.DevicesAndSearch.testcases.DeviceReportsTest"/>
  <system-out>
    <![CDATA[Starting Test case DeviceCommunicationTasks<br/>]]>
  </system-out>
  <testcase name="DeviceConnectionsGPReport" time="87.187" classname="com.DevicesAndSearch.testcases.DeviceReportsTest"/>
  <system-out>
    <![CDATA[Starting Test case DeviceCommunicationTasks<br/>]]>
  </system-out>
  <testcase name="DeviceCommunicationTasksGPReport" time="86.914" classname="com.DevicesAndSearch.testcases.DeviceReportsTest"/>
  <system-out>
    <![CDATA[Starting Test case DeviceCommunicationTasks<br/>]]>
  </system-out>
  <testcase name="GatewayPeformanceGPReport" time="97.085" classname="com.DevicesAndSearch.testcases.DeviceReportsTest"/>
  <system-out>
    <![CDATA[Starting Test case DeviceCommunicationTasks<br/>]]>
  </system-out>
  <testcase name="MeterPeformanceGPReport" time="91.427" classname="com.DevicesAndSearch.testcases.DeviceReportsTest"/>
  <system-out>
    <![CDATA[Starting Test case DeviceCommunicationTasks<br/>]]>
  </system-out>
  <testcase name="PointToPointPeformanceGPReport" time="92.075" classname="com.DevicesAndSearch.testcases.DeviceReportsTest"/>
  <system-out>
    <![CDATA[Starting Test case DeviceCommunicationTasks<br/>]]>
  </system-out>
  <testcase name="RegisterGPReport" time="91.812" classname="com.DevicesAndSearch.testcases.DeviceReportsTest"/>
  <system-out>
    <![CDATA[Starting Test case DeviceCommunicationTasks<br/>]]>
  </system-out>
  <testcase name="DeviceConfigurationOverviewMPReport" time="81.416" classname="com.DevicesAndSearch.testcases.DeviceReportsTest"/>
  <system-out>
    <![CDATA[Starting Test case DeviceCommunicationTasks<br/>]]>
  </system-out>
  <testcase name="DeviceConnectionsMPReport" time="88.191" classname="com.DevicesAndSearch.testcases.DeviceReportsTest"/>
  <system-out>
    <![CDATA[Starting Test case DeviceCommunicationTasks<br/>]]>
  </system-out>
  <testcase name="DeviceCommunicationTasksMPReport" time="87.472" classname="com.DevicesAndSearch.testcases.DeviceReportsTest"/>
  <system-out>
    <![CDATA[Starting Test case DeviceCommunicationTasks<br/>]]>
  </system-out>
  <testcase name="GatewayPeformanceMPReport" time="97.986" classname="com.DevicesAndSearch.testcases.DeviceReportsTest"/>
  <system-out>
    <![CDATA[Starting Test case DeviceCommunicationTasks<br/>]]>
  </system-out>
  <testcase name="MeterPeformanceMPReport" time="91.339" classname="com.DevicesAndSearch.testcases.DeviceReportsTest"/>
  <system-out>
    <![CDATA[Starting Test case DeviceCommunicationTasks<br/>]]>
  </system-out>
  <testcase name="PointToPointPeformanceMPReport" time="94.619" classname="com.DevicesAndSearch.testcases.DeviceReportsTest"/>
  <system-out>
    <![CDATA[Starting Test case DeviceCommunicationTasks<br/>]]>
  </system-out>
  <testcase name="RegisterMPReport" time="91.798" classname="com.DevicesAndSearch.testcases.DeviceReportsTest"/>
  <system-out>
    <![CDATA[Starting Test case DeviceCommunicationTasks<br/>]]>
  </system-out>
  <testcase name="DeviceConfigurationOverviewPTPReport" time="80.958" classname="com.DevicesAndSearch.testcases.DeviceReportsTest"/>
  <system-out>
    <![CDATA[Starting Test case DeviceCommunicationTasks<br/>]]>
  </system-out>
  <testcase name="DeviceConnectionsPTPReport" time="104.855" classname="com.DevicesAndSearch.testcases.DeviceReportsTest"/>
  <system-out>
    <![CDATA[Starting Test case DeviceCommunicationTasks<br/>]]>
  </system-out>
  <testcase name="DeviceCommunicationTasksPTPReport" time="87.174" classname="com.DevicesAndSearch.testcases.DeviceReportsTest"/>
  <system-out>
    <![CDATA[Starting Test case DeviceCommunicationTasks<br/>]]>
  </system-out>
  <testcase name="GatewayPeformancePTPReport" time="97.454" classname="com.DevicesAndSearch.testcases.DeviceReportsTest"/>
  <system-out>
    <![CDATA[Starting Test case DeviceCommunicationTasks<br/>]]>
  </system-out>
  <testcase name="MeterPeformancePTPReport" time="91.575" classname="com.DevicesAndSearch.testcases.DeviceReportsTest"/>
  <system-out>
    <![CDATA[Starting Test case DeviceCommunicationTasks<br/>]]>
  </system-out>
  <testcase name="PointToPointPeformancePTPReport" time="91.300" classname="com.DevicesAndSearch.testcases.DeviceReportsTest"/>
  <system-out>
    <![CDATA[Starting Test case DeviceCommunicationTasks<br/>]]>
  </system-out>
  <testcase name="RegisterPTPReport" time="92.527" classname="com.DevicesAndSearch.testcases.DeviceReportsTest"/>
  <system-out>
    <![CDATA[Starting Test case DeviceCommunicationTasks<br/>]]>
  </system-out>
  <testcase name="DeviceConfigurationOverviewRRReport" time="81.224" classname="com.DevicesAndSearch.testcases.DeviceReportsTest"/>
  <system-out>
    <![CDATA[Starting Test case DeviceCommunicationTasks<br/>]]>
  </system-out>
  <testcase name="DeviceConnectionsRRReport" time="88.988" classname="com.DevicesAndSearch.testcases.DeviceReportsTest"/>
  <system-out>
    <![CDATA[Starting Test case DeviceCommunicationTasks<br/>]]>
  </system-out>
  <testcase name="DeviceCommunicationTasksRRReport" time="87.088" classname="com.DevicesAndSearch.testcases.DeviceReportsTest"/>
  <system-out>
    <![CDATA[Starting Test case DeviceCommunicationTasks<br/>]]>
  </system-out>
  <testcase name="GatewayPeformanceRRReport" time="98.109" classname="com.DevicesAndSearch.testcases.DeviceReportsTest"/>
  <system-out>
    <![CDATA[Starting Test case DeviceCommunicationTasks<br/>]]>
  </system-out>
  <testcase name="MeterPeformanceRRReport" time="93.713" classname="com.DevicesAndSearch.testcases.DeviceReportsTest"/>
  <system-out>
    <![CDATA[Starting Test case DeviceCommunicationTasks<br/>]]>
  </system-out>
  <testcase name="PointToPointPeformanceRRReport" time="92.014" classname="com.DevicesAndSearch.testcases.DeviceReportsTest"/>
  <system-out>
    <![CDATA[Starting Test case DeviceCommunicationTasks<br/>]]>
  </system-out>
  <testcase name="RegisterRRReport" time="91.583" classname="com.DevicesAndSearch.testcases.DeviceReportsTest"/>
  <system-out>
    <![CDATA[Starting Test case DeviceCommunicationTasks<br/>]]>
  </system-out>
</testsuite> <!-- com.DevicesAndSearch.testcases.DeviceReportsTest -->
