<?xml version="1.0" encoding="UTF-8"?>
<!-- Generated by org.testng.reporters.JUnitReportReporter -->
<testsuite skipped="0" hostname="IE1FLTJCDCK63" name="com.multisense.testcases.EstimateTaskTest" tests="5" failures="0" timestamp="2022-03-19T23:47:02 IST" time="191.365" errors="0">
  <testcase name="clickestimatetask" time="95.523" classname="com.multisense.testcases.EstimateTaskTest"/>
  <system-out>
    <![CDATA[Starting Test case Click Estimate Task<br/>]]>
  </system-out>
  <testcase name="clickAddEstimatetask" time="2.287" classname="com.multisense.testcases.EstimateTaskTest"/>
  <system-out>
    <![CDATA[Starting Test case Add Estimate Task<br/>]]>
  </system-out>
  <testcase name="createestimatetask" time="34.530" classname="com.multisense.testcases.EstimateTaskTest"/>
  <system-out>
    <![CDATA[Starting Test case Create Estimate Task<br/>]]>
  </system-out>
  <testcase name="clickOnEditestimatetask" time="49.813" classname="com.multisense.testcases.EstimateTaskTest"/>
  <system-out>
    <![CDATA[Starting Test case Edit Estimate Task<br/>]]>
  </system-out>
  <testcase name="clickRemovevalidationtask" time="9.212" classname="com.multisense.testcases.EstimateTaskTest"/>
  <system-out>
    <![CDATA[Starting Test case Remove Estimate Task<br/>]]>
  </system-out>
</testsuite> <!-- com.multisense.testcases.EstimateTaskTest -->
