<?xml version="1.0" encoding="UTF-8"?>
<!-- Generated by org.testng.reporters.JUnitReportReporter -->
<testsuite skipped="0" hostname="IE1FLTJCDCK63" name="com.ConnexoAdmin.testcases.CertificateFiltersTest" tests="13" failures="0" timestamp="2022-03-19T23:47:02 IST" time="736.622" errors="0">
  <testcase name="verifyCertificateErrorMessage" time="93.704" classname="com.ConnexoAdmin.testcases.CertificateFiltersTest"/>
  <system-out/>
  <testcase name="verifyAliasErrorMessage" time="32.107" classname="com.ConnexoAdmin.testcases.CertificateFiltersTest"/>
  <system-out/>
  <testcase name="verifyErrorMessages" time="39.578" classname="com.ConnexoAdmin.testcases.CertificateFiltersTest"/>
  <system-out/>
  <testcase name="verifyCancelButtonForAddCertificate" time="25.606" classname="com.ConnexoAdmin.testcases.CertificateFiltersTest"/>
  <system-out/>
  <testcase name="verifyMarkAsObsoleteOption" time="47.870" classname="com.ConnexoAdmin.testcases.CertificateFiltersTest"/>
  <system-out/>
  <testcase name="verifyCertificateAfterMarkAsObsoleteStatus" time="69.629" classname="com.ConnexoAdmin.testcases.CertificateFiltersTest"/>
  <system-out/>
  <testcase name="verifyUnMarkAsObsoleteOption" time="62.019" classname="com.ConnexoAdmin.testcases.CertificateFiltersTest"/>
  <system-out/>
  <testcase name="verifyCertificateAfterUnMarkObsoleteStatus" time="64.602" classname="com.ConnexoAdmin.testcases.CertificateFiltersTest"/>
  <system-out/>
  <testcase name="verifyRemoveOption" time="53.662" classname="com.ConnexoAdmin.testcases.CertificateFiltersTest"/>
  <system-out/>
  <testcase name="verifyByClickingRemoveOption" time="60.687" classname="com.ConnexoAdmin.testcases.CertificateFiltersTest"/>
  <system-out/>
  <testcase name="verifyCancelButtonForRemovePopup" time="69.031" classname="com.ConnexoAdmin.testcases.CertificateFiltersTest"/>
  <system-out/>
  <testcase name="verifyCrossIconForRemovePopup" time="66.042" classname="com.ConnexoAdmin.testcases.CertificateFiltersTest"/>
  <system-out/>
  <testcase name="verifyRemoveButtonForRemovePopup" time="52.085" classname="com.ConnexoAdmin.testcases.CertificateFiltersTest"/>
  <system-out/>
</testsuite> <!-- com.ConnexoAdmin.testcases.CertificateFiltersTest -->
