<?xml version="1.0" encoding="UTF-8"?>
<!-- Generated by org.testng.reporters.JUnitReportReporter -->
<testsuite skipped="0" hostname="IE1FLTJCDCK63" name="com.Workspace.testcases.WebservicesTest" tests="2" failures="0" timestamp="2022-03-19T23:47:02 IST" time="153.249" errors="0">
  <testcase name="Webservicesissues" time="148.894" classname="com.Workspace.testcases.WebservicesTest"/>
  <system-out>
    <![CDATA[Starting Test case Web Services Issues<br/>]]>
  </system-out>
  <testcase name="webserviceendpointhistory" time="4.355" classname="com.Workspace.testcases.WebservicesTest"/>
  <system-out>
    <![CDATA[Starting Test case Web Services end point history<br/>]]>
  </system-out>
</testsuite> <!-- com.Workspace.testcases.WebservicesTest -->
