<?xml version="1.0" encoding="UTF-8"?>
<!-- Generated by org.testng.reporters.JUnitReportReporter -->
<testsuite skipped="0" hostname="IE1FLTJCDCK63" name="com.multisense.testcases.CommunicationProtocolTest" tests="3" failures="0" timestamp="2022-03-19T23:47:02 IST" time="119.214" errors="0">
  <testcase name="verifyAndSelectCommunicationProtocol" time="97.297" classname="com.multisense.testcases.CommunicationProtocolTest"/>
  <system-out>
    <![CDATA[Starting Communication protocols<br/>]]>
  </system-out>
  <testcase name="editCommunicationProtocolName" time="11.362" classname="com.multisense.testcases.CommunicationProtocolTest"/>
  <system-out>
    <![CDATA[Starting Communication protocols<br/>]]>
  </system-out>
  <testcase name="devicetimezonedropdwon" time="10.555" classname="com.multisense.testcases.CommunicationProtocolTest"/>
  <system-out>
    <![CDATA[Editing Communication protocols<br/>]]>
  </system-out>
</testsuite> <!-- com.multisense.testcases.CommunicationProtocolTest -->
