<?xml version="1.0" encoding="UTF-8"?>
<!-- Generated by org.testng.reporters.JUnitReportReporter -->
<testsuite skipped="1" hostname="IE1FLTJCDCK63" name="com.ConnexoAdmin.testcases.Admin_DataPurgeTest" tests="3" failures="0" timestamp="2022-03-19T23:47:02 IST" time="78.646" errors="0">
  <testcase name="clickPurgeSetting" time="70.074" classname="com.ConnexoAdmin.testcases.Admin_DataPurgeTest"/>
  <system-out>
    <![CDATA[Starting testcase Verify Purge Setting page<br/>]]>
  </system-out>
  <testcase name="AddRelativePeriodData" time="8.572" classname="com.ConnexoAdmin.testcases.Admin_DataPurgeTest"/>
  <system-out>
    <![CDATA[Starting testcase Verify Purge Setting page<br/>]]>
  </system-out>
  <testcase name="removeRelativePeriodData" classname="com.ConnexoAdmin.testcases.Admin_DataPurgeTest">
    <skipped/>
  </testcase> <!-- removeRelativePeriodData -->
  <system-out/>
</testsuite> <!-- com.ConnexoAdmin.testcases.Admin_DataPurgeTest -->
