<?xml version="1.0" encoding="UTF-8"?>
<!-- Generated by org.testng.reporters.JUnitReportReporter -->
<testsuite hostname="AVDCINDED-7" failures="0" tests="9" name="com.Workspace.testcases.MultiSence_WorkSpace_Issues_Myopenissues" time="150.915" errors="0" timestamp="2022-09-28T01:38:47 IST" skipped="0">
  <testcase classname="com.Workspace.testcases.MultiSence_WorkSpace_Issues_Myopenissues" name="TC001_NavigateToIssuePage" time="81.812"/>
  <system-out/>
  <testcase classname="com.Workspace.testcases.MultiSence_WorkSpace_Issues_Myopenissues" name="TC002_ValidateIssueIDFilters" time="6.606"/>
  <system-out/>
  <testcase classname="com.Workspace.testcases.MultiSence_WorkSpace_Issues_Myopenissues" name="TC004_ValidateIssueDeviceFilter" time="7.969"/>
  <system-out/>
  <testcase classname="com.Workspace.testcases.MultiSence_WorkSpace_Issues_Myopenissues" name="TC005_ValidateIssueDeviceGroupFilter" time="7.504"/>
  <system-out/>
  <testcase classname="com.Workspace.testcases.MultiSence_WorkSpace_Issues_Myopenissues" name="TC006_ValidateIssueDuedateFilter" time="0.002"/>
  <system-out/>
  <testcase classname="com.Workspace.testcases.MultiSence_WorkSpace_Issues_Myopenissues" name="TC007_ValidateIssueStatusFilter" time="9.007"/>
  <system-out/>
  <testcase classname="com.Workspace.testcases.MultiSence_WorkSpace_Issues_Myopenissues" name="TC008_ValidateIssueWorkgroupFilter" time="9.003"/>
  <system-out/>
  <testcase classname="com.Workspace.testcases.MultiSence_WorkSpace_Issues_Myopenissues" name="TC009_ValidateIssueUserFilter" time="21.075"/>
  <system-out/>
  <testcase classname="com.Workspace.testcases.MultiSence_WorkSpace_Issues_Myopenissues" name="TC010_ValidateIssueReasonFilter" time="7.937"/>
  <system-out/>
</testsuite> <!-- com.Workspace.testcases.MultiSence_WorkSpace_Issues_Myopenissues -->
