<?xml version="1.0" encoding="UTF-8"?>
<!-- Generated by org.testng.reporters.JUnitReportReporter -->
<testsuite skipped="0" hostname="IE1FLTJCDCK63" name="com.ConnexoAdmin.testcases.CalendarsPreviewTest" tests="11" failures="0" timestamp="2022-03-19T23:47:02 IST" time="436.795" errors="0">
  <testcase name="verifyViewPreviewOptionDisplayed" time="75.060" classname="com.ConnexoAdmin.testcases.CalendarsPreviewTest"/>
  <system-out/>
  <testcase name="verifyClickingOnViewPreviewOption" time="16.633" classname="com.ConnexoAdmin.testcases.CalendarsPreviewTest"/>
  <system-out/>
  <testcase name="verifyClearAllButtonEnable" time="16.784" classname="com.ConnexoAdmin.testcases.CalendarsPreviewTest"/>
  <system-out/>
  <testcase name="verifyValuesForMonthAndYear" time="22.445" classname="com.ConnexoAdmin.testcases.CalendarsPreviewTest"/>
  <system-out/>
  <testcase name="verifyByChangeMonth" time="29.430" classname="com.ConnexoAdmin.testcases.CalendarsPreviewTest"/>
  <system-out/>
  <testcase name="verifyByChangeYear" time="34.223" classname="com.ConnexoAdmin.testcases.CalendarsPreviewTest"/>
  <system-out/>
  <testcase name="verifyByChangeDate" time="48.958" classname="com.ConnexoAdmin.testcases.CalendarsPreviewTest"/>
  <system-out/>
  <testcase name="verifyDateAfterRefreshPreviewPage" time="51.720" classname="com.ConnexoAdmin.testcases.CalendarsPreviewTest"/>
  <system-out/>
  <testcase name="verifyClearAllButtonEnabled" time="44.024" classname="com.ConnexoAdmin.testcases.CalendarsPreviewTest"/>
  <system-out/>
  <testcase name="verifyByClickClearAllButtonAfterRefresh" time="43.260" classname="com.ConnexoAdmin.testcases.CalendarsPreviewTest"/>
  <system-out/>
  <testcase name="verifyByClickClearAllButton" time="54.258" classname="com.ConnexoAdmin.testcases.CalendarsPreviewTest"/>
  <system-out/>
</testsuite> <!-- com.ConnexoAdmin.testcases.CalendarsPreviewTest -->
